<?xml version="1.0" encoding="UTF-8"?>
<!-- Generated by org.testng.reporters.JUnitXMLReporter -->
<testsuite hostname="Rehaan-PC" name="Sanity1" tests="57" failures="5" timestamp="19 Jun 2015 17:55:22 GMT" time="63.014" errors="0">
  <testcase name="bar" time="0.0" classname="com.techm.practise.ImplementingITestListener"/>
  <testcase name="coke" time="0.0" classname="com.techm.practise.ImplementingITestListener"/>
  <testcase name="foo" time="0.0" classname="com.techm.practise.ImplementingITestListener"/>
  <testcase name="wine" time="0.0" classname="com.techm.practise.ImplementingITestListener"/>
  <testcase name="f" time="0.001" classname="com.techm.practise.ITestListenerClass"/>
  <testcase name="testCaseA" time="0.0" classname="com.techm.practise.ITestResultClass">
    <failure type="java.lang.AssertionError" message="Failing the test case A">
      <![CDATA[java.lang.AssertionError: Failing the test case A
	at com.techm.practise.ITestResultClass.testCaseA(Unknown Source)
	at java.util.concurrent.FutureTask.run(Unknown Source)
	at java.util.concurrent.ThreadPoolExecutor.runWorker(Unknown Source)
	at java.util.concurrent.ThreadPoolExecutor$Worker.run(Unknown Source)
	at java.lang.Thread.run(Unknown Source)
... Removed 17 stack frames]]>
    </failure>
  </testcase> <!-- testCaseA -->
  <testcase name="testCaseB" time="0.0" classname="com.techm.practise.ITestResultClass"/>
  <testcase name="testCaseThree" time="0.0" classname="com.techm.testng.DataProviderClass1"/>
  <testcase name="testCaseThree" time="0.0" classname="com.techm.testng.DataProviderClass1"/>
  <testcase name="testCaseTwo" time="0.0" classname="com.techm.testng.DataProviderClass1">
    <failure type="java.lang.AssertionError" message="Failing the testCasetwo Method inside Class: class java.lang.reflect.Method">
      <![CDATA[java.lang.AssertionError: Failing the testCasetwo Method inside Class: class java.lang.reflect.Method
	at com.techm.testng.DataProviderClass1.testCaseTwo(Unknown Source)
	at java.util.concurrent.FutureTask.run(Unknown Source)
	at java.util.concurrent.ThreadPoolExecutor.runWorker(Unknown Source)
	at java.util.concurrent.ThreadPoolExecutor$Worker.run(Unknown Source)
	at java.lang.Thread.run(Unknown Source)
... Removed 17 stack frames]]>
    </failure>
  </testcase> <!-- testCaseTwo -->
  <testcase name="testCaseTwo" time="0.0" classname="com.techm.testng.DataProviderClass1">
    <failure type="java.lang.AssertionError" message="Failing the testCasetwo Method inside Class: class java.lang.reflect.Method">
      <![CDATA[java.lang.AssertionError: Failing the testCasetwo Method inside Class: class java.lang.reflect.Method
	at com.techm.testng.DataProviderClass1.testCaseTwo(Unknown Source)
	at java.util.concurrent.FutureTask.run(Unknown Source)
	at java.util.concurrent.ThreadPoolExecutor.runWorker(Unknown Source)
	at java.util.concurrent.ThreadPoolExecutor$Worker.run(Unknown Source)
	at java.lang.Thread.run(Unknown Source)
... Removed 17 stack frames]]>
    </failure>
  </testcase> <!-- testCaseTwo -->
  <testcase name="loginTestCase0" time="0.0" classname="com.techm.testng.DataProviderClassName"/>
  <testcase name="loginTestCase0" time="0.0" classname="com.techm.testng.DataProviderClassName"/>
  <testcase name="loginTestCase0" time="0.0" classname="com.techm.testng.DataProviderClassName"/>
  <testcase name="testCaseFive" time="0.0" classname="com.techm.testng.listeners.IInvokedMethodListenerClass"/>
  <testcase name="testCaseFour" time="0.001" classname="com.techm.testng.listeners.IInvokedMethodListenerClass"/>
  <testcase name="testCaseOne" time="0.0" classname="com.techm.testng.listeners.IInvokedMethodListenerClass"/>
  <testcase name="testCaseSix" time="0.0" classname="com.techm.testng.listeners.IInvokedMethodListenerClass"/>
  <testcase name="testCaseThree" time="0.0" classname="com.techm.testng.listeners.IInvokedMethodListenerClass"/>
  <testcase name="testCaseTwo" time="0.0" classname="com.techm.testng.listeners.IInvokedMethodListenerClass"/>
  <testcase name="f" time="0.001" classname="com.techm.testng.listeners.IInvokedMethodListenerInterfaceImplementation"/>
  <testcase name="bar" time="0.0" classname="com.techm.testng.listeners.ITestResultClass">
    <failure type="java.lang.AssertionError" message="Method bar is a failure :( ">
      <![CDATA[java.lang.AssertionError: Method bar is a failure :( 
	at com.techm.testng.listeners.ITestResultClass.bar(Unknown Source)
	at java.util.concurrent.FutureTask.run(Unknown Source)
	at java.util.concurrent.ThreadPoolExecutor.runWorker(Unknown Source)
	at java.util.concurrent.ThreadPoolExecutor$Worker.run(Unknown Source)
	at java.lang.Thread.run(Unknown Source)
... Removed 17 stack frames]]>
    </failure>
  </testcase> <!-- bar -->
  <testcase name="coke" time="0.0" classname="com.techm.testng.listeners.ITestResultClass"/>
  <testcase name="foo" time="0.001" classname="com.techm.testng.listeners.ITestResultClass"/>
  <testcase name="orange" time="0.0" classname="com.techm.testng.listeners.ITestResultClass"/>
  <testcase name="wine" time="0.0" classname="com.techm.testng.listeners.ITestResultClass"/>
  <testcase name="newClass" time="0.0" classname="com.techm.testng.NewClass"/>
  <testcase name="paramterMethod" time="0.001" classname="com.techm.testng.ParameterClass">
    <skipped/>
  </testcase> <!-- paramterMethod -->
  <testcase name="loginSalesforce" time="57.922" classname="com.techm.testng.SalesForceTest"/>
  <testcase name="helloWorld" time="0.0" classname="com.techm.testng.SampleTest"/>
  <testcase name="testMethodOne" time="5.002" classname="com.techm.testng.TestCaseOne"/>
  <testcase name="testMethodThree" time="0.0" classname="com.techm.testng.TestCaseThree"/>
  <testcase name="testMethodTwo" time="0.0" classname="com.techm.testng.TestCaseTwo"/>
  <testcase name="testCaseB" time="0.0" classname="com.techm.testng.TestCaseTwo"/>
  <testcase name="testCaseA" time="0.0" classname="com.techm.testng.TestCaseTwo">
    <failure type="java.lang.AssertionError" message="Failing the test case A">
      <![CDATA[java.lang.AssertionError: Failing the test case A
	at com.techm.practise.ITestResultClass.testCaseA(Unknown Source)
	at java.util.concurrent.FutureTask.run(Unknown Source)
	at java.util.concurrent.ThreadPoolExecutor.runWorker(Unknown Source)
	at java.util.concurrent.ThreadPoolExecutor$Worker.run(Unknown Source)
	at java.lang.Thread.run(Unknown Source)
... Removed 17 stack frames]]>
    </failure>
  </testcase> <!-- testCaseA -->
  <testcase name="f" time="0.0" classname="com.techm.testng.TestNgClass"/>
  <testcase name="login" time="0.0" classname="com.techm.testng.TestNgClassDependsOnMethods"/>
  <testcase name="payment" time="0.001" classname="com.techm.testng.TestNgClassDependsOnMethods"/>
  <testcase name="pop$$" time="0.0" classname="com.techm.testng.TestNgClassDependsOnMethods"/>
  <testcase name="testCaseA" time="0.0" classname="com.techm.testng.TestNGClassPriority"/>
  <testcase name="testCaseB" time="0.0" classname="com.techm.testng.TestNGClassPriority"/>
  <testcase name="testCaseD" time="0.0" classname="com.techm.testng.TestNGClassPriority"/>
  <testcase name="testCaseE" time="0.0" classname="com.techm.testng.TestNGClassPriority"/>
  <testcase name="testCaseF" time="0.001" classname="com.techm.testng.TestNGClassPriority"/>
  <testcase name="testCaseG" time="0.0" classname="com.techm.testng.TestNGClassPriority"/>
  <testcase name="groupsMethod1" time="0.0" classname="com.techm.testng.TestNgGroupsClass"/>
  <testcase name="groupsMethod2" time="0.0" classname="com.techm.testng.TestNgGroupsClass"/>
  <testcase name="groupsMethod3" time="0.0" classname="com.techm.testng.TestNgGroupsClass"/>
  <testcase name="groupsMethod4" time="0.001" classname="com.techm.testng.TestNgGroupsClass"/>
  <testcase name="groupsMethod5" time="0.0" classname="com.techm.testng.TestNgGroupsClass"/>
  <testcase name="foo" time="0.0" classname="com.techm.testng.TestNGImpClass"/>
  <testcase name="foo" time="0.0" classname="com.techm.testng.TestNGImpClass"/>
  <testcase name="foo" time="0.0" classname="com.techm.testng.TestNGImpClass"/>
  <testcase name="foo" time="0.0" classname="com.techm.testng.TestNGImpClass"/>
  <testcase name="foo" time="0.001" classname="com.techm.testng.TestNGImpClass"/>
  <testcase name="logout" time="0.0" classname="com.techm.testng.TestNgClassDependsOnMethods"/>
  <testcase name="testCaseC" time="0.0" classname="com.techm.testng.TestNGClassPriority"/>
</testsuite> <!-- Sanity1 -->
