<?xml version="1.0" encoding="UTF-8"?>
<testng-results skipped="0" failed="11" total="114" passed="103">
  <reporter-output>
  </reporter-output>
  <suite name="TechM Suite1" duration-ms="49989" started-at="2015-06-19T17:55:22Z" finished-at="2015-06-19T17:56:12Z">
    <groups>
      <group name="A">
        <method signature="TestNgClassDependsOnMethods.login()[pri:0, instance:com.techm.testng.TestNgClassDependsOnMethods@1a04f701]" name="login" class="com.techm.testng.TestNgClassDependsOnMethods"/>
        <method signature="TestNgClassDependsOnMethods.payment()[pri:0, instance:com.techm.testng.TestNgClassDependsOnMethods@1a04f701]" name="payment" class="com.techm.testng.TestNgClassDependsOnMethods"/>
        <method signature="TestNgClassDependsOnMethods.pop$$()[pri:0, instance:com.techm.testng.TestNgClassDependsOnMethods@1a04f701]" name="pop$$" class="com.techm.testng.TestNgClassDependsOnMethods"/>
      </group> <!-- A -->
      <group name="regression">
        <method signature="TestNGClassPriority.testCaseB()[pri:0, instance:com.techm.testng.TestNGClassPriority@d4342c2]" name="testCaseB" class="com.techm.testng.TestNGClassPriority"/>
        <method signature="TestNGClassPriority.testCaseD()[pri:0, instance:com.techm.testng.TestNGClassPriority@d4342c2]" name="testCaseD" class="com.techm.testng.TestNGClassPriority"/>
        <method signature="TestNGClassPriority.testCaseE()[pri:0, instance:com.techm.testng.TestNGClassPriority@d4342c2]" name="testCaseE" class="com.techm.testng.TestNGClassPriority"/>
      </group> <!-- regression -->
      <group name="Regression">
        <method signature="TestNgGroupsClass.groupsMethod2()[pri:0, instance:com.techm.testng.TestNgGroupsClass@77847718]" name="groupsMethod2" class="com.techm.testng.TestNgGroupsClass"/>
        <method signature="TestNgGroupsClass.groupsMethod3()[pri:0, instance:com.techm.testng.TestNgGroupsClass@77847718]" name="groupsMethod3" class="com.techm.testng.TestNgGroupsClass"/>
        <method signature="TestNgGroupsClass.groupsMethod4()[pri:0, instance:com.techm.testng.TestNgGroupsClass@77847718]" name="groupsMethod4" class="com.techm.testng.TestNgGroupsClass"/>
      </group> <!-- Regression -->
      <group name="sanity">
        <method signature="TestNGClassPriority.testCaseA()[pri:0, instance:com.techm.testng.TestNGClassPriority@d4342c2]" name="testCaseA" class="com.techm.testng.TestNGClassPriority"/>
        <method signature="TestNGClassPriority.testCaseC()[pri:0, instance:com.techm.testng.TestNGClassPriority@d4342c2]" name="testCaseC" class="com.techm.testng.TestNGClassPriority"/>
        <method signature="TestNGClassPriority.testCaseF()[pri:0, instance:com.techm.testng.TestNGClassPriority@d4342c2]" name="testCaseF" class="com.techm.testng.TestNGClassPriority"/>
        <method signature="TestNGClassPriority.testCaseG()[pri:0, instance:com.techm.testng.TestNGClassPriority@d4342c2]" name="testCaseG" class="com.techm.testng.TestNGClassPriority"/>
        <method signature="TestNgGroupsClass.groupsMethod1()[pri:0, instance:com.techm.testng.TestNgGroupsClass@77847718]" name="groupsMethod1" class="com.techm.testng.TestNgGroupsClass"/>
        <method signature="TestNgGroupsClass.groupsMethod5()[pri:0, instance:com.techm.testng.TestNgGroupsClass@77847718]" name="groupsMethod5" class="com.techm.testng.TestNgGroupsClass"/>
      </group> <!-- sanity -->
    </groups>
    <test name="Sanity1" duration-ms="49989" started-at="2015-06-19T17:55:22Z" finished-at="2015-06-19T17:56:12Z">
      <class name="com.techm.practise.ImplementingITestListener">
        <test-method status="PASS" signature="foo()[pri:0, instance:com.techm.practise.ImplementingITestListener@2bbf180e]" name="foo" duration-ms="0" started-at="2015-06-19T12:55:22Z" finished-at="2015-06-19T12:55:22Z">
          <reporter-output>
          </reporter-output>
        </test-method> <!-- foo -->
        <test-method status="PASS" signature="wine()[pri:0, instance:com.techm.practise.ImplementingITestListener@2bbf180e]" name="wine" duration-ms="0" started-at="2015-06-19T12:55:22Z" finished-at="2015-06-19T12:55:22Z">
          <reporter-output>
          </reporter-output>
        </test-method> <!-- wine -->
        <test-method status="PASS" signature="coke()[pri:0, instance:com.techm.practise.ImplementingITestListener@2bbf180e]" name="coke" duration-ms="0" started-at="2015-06-19T12:55:22Z" finished-at="2015-06-19T12:55:22Z">
          <reporter-output>
          </reporter-output>
        </test-method> <!-- coke -->
        <test-method status="PASS" signature="bar()[pri:0, instance:com.techm.practise.ImplementingITestListener@2bbf180e]" name="bar" duration-ms="0" started-at="2015-06-19T12:55:22Z" finished-at="2015-06-19T12:55:22Z">
          <reporter-output>
          </reporter-output>
        </test-method> <!-- bar -->
      </class> <!-- com.techm.practise.ImplementingITestListener -->
      <class name="com.techm.testng.listeners.IInvokedMethodListenerInterfaceImplementation">
        <test-method status="PASS" signature="f()[pri:0, instance:com.techm.testng.listeners.IInvokedMethodListenerInterfaceImplementation@3af9c5b7]" name="f" duration-ms="0" started-at="2015-06-19T12:55:22Z" finished-at="2015-06-19T12:55:22Z">
          <reporter-output>
          </reporter-output>
        </test-method> <!-- f -->
      </class> <!-- com.techm.testng.listeners.IInvokedMethodListenerInterfaceImplementation -->
      <class name="com.techm.testng.listeners.IInvokedMethodListenerClass">
        <test-method status="PASS" signature="testCaseFive()[pri:0, instance:com.techm.testng.listeners.IInvokedMethodListenerClass@7f3b84b8]" name="testCaseFive" duration-ms="0" started-at="2015-06-19T12:55:22Z" finished-at="2015-06-19T12:55:22Z">
          <reporter-output>
          </reporter-output>
        </test-method> <!-- testCaseFive -->
        <test-method status="PASS" signature="testCaseFour()[pri:0, instance:com.techm.testng.listeners.IInvokedMethodListenerClass@7f3b84b8]" name="testCaseFour" duration-ms="0" started-at="2015-06-19T12:55:22Z" finished-at="2015-06-19T12:55:22Z">
          <reporter-output>
          </reporter-output>
        </test-method> <!-- testCaseFour -->
        <test-method status="PASS" signature="testCaseOne()[pri:0, instance:com.techm.testng.listeners.IInvokedMethodListenerClass@7f3b84b8]" name="testCaseOne" duration-ms="0" started-at="2015-06-19T12:55:22Z" finished-at="2015-06-19T12:55:22Z">
          <reporter-output>
          </reporter-output>
        </test-method> <!-- testCaseOne -->
        <test-method status="PASS" signature="testCaseTwo()[pri:0, instance:com.techm.testng.listeners.IInvokedMethodListenerClass@7f3b84b8]" name="testCaseTwo" duration-ms="0" started-at="2015-06-19T12:55:22Z" finished-at="2015-06-19T12:55:22Z">
          <reporter-output>
          </reporter-output>
        </test-method> <!-- testCaseTwo -->
        <test-method status="PASS" signature="testCaseSix()[pri:0, instance:com.techm.testng.listeners.IInvokedMethodListenerClass@7f3b84b8]" name="testCaseSix" duration-ms="0" started-at="2015-06-19T12:55:22Z" finished-at="2015-06-19T12:55:22Z">
          <reporter-output>
          </reporter-output>
        </test-method> <!-- testCaseSix -->
        <test-method status="PASS" signature="testCaseThree()[pri:0, instance:com.techm.testng.listeners.IInvokedMethodListenerClass@7f3b84b8]" name="testCaseThree" duration-ms="0" started-at="2015-06-19T12:55:22Z" finished-at="2015-06-19T12:55:22Z">
          <reporter-output>
          </reporter-output>
        </test-method> <!-- testCaseThree -->
      </class> <!-- com.techm.testng.listeners.IInvokedMethodListenerClass -->
      <class name="com.techm.testng.SampleTest">
        <test-method status="PASS" signature="helloWorld()[pri:0, instance:com.techm.testng.SampleTest@57a3af25]" name="helloWorld" duration-ms="0" started-at="2015-06-19T12:56:07Z" finished-at="2015-06-19T12:56:07Z">
          <reporter-output>
          </reporter-output>
        </test-method> <!-- helloWorld -->
      </class> <!-- com.techm.testng.SampleTest -->
      <class name="com.techm.testng.TestCaseThree">
        <test-method status="PASS" signature="testMethodThree()[pri:0, instance:com.techm.testng.TestCaseThree@10aa41f2]" name="testMethodThree" duration-ms="0" started-at="2015-06-19T12:56:12Z" finished-at="2015-06-19T12:56:12Z">
          <reporter-output>
          </reporter-output>
        </test-method> <!-- testMethodThree -->
      </class> <!-- com.techm.testng.TestCaseThree -->
      <class name="com.techm.testng.TestNgGroupsClass">
        <test-method status="PASS" signature="groupsMethod3()[pri:0, instance:com.techm.testng.TestNgGroupsClass@77847718]" name="groupsMethod3" duration-ms="0" started-at="2015-06-19T12:56:12Z" finished-at="2015-06-19T12:56:12Z">
          <reporter-output>
          </reporter-output>
        </test-method> <!-- groupsMethod3 -->
        <test-method status="PASS" signature="groupsMethod2()[pri:0, instance:com.techm.testng.TestNgGroupsClass@77847718]" name="groupsMethod2" duration-ms="0" started-at="2015-06-19T12:56:12Z" finished-at="2015-06-19T12:56:12Z">
          <reporter-output>
          </reporter-output>
        </test-method> <!-- groupsMethod2 -->
        <test-method status="PASS" signature="groupsMethod1()[pri:0, instance:com.techm.testng.TestNgGroupsClass@77847718]" name="groupsMethod1" duration-ms="0" started-at="2015-06-19T12:56:12Z" finished-at="2015-06-19T12:56:12Z">
          <reporter-output>
          </reporter-output>
        </test-method> <!-- groupsMethod1 -->
        <test-method status="PASS" signature="groupsMethod5()[pri:0, instance:com.techm.testng.TestNgGroupsClass@77847718]" name="groupsMethod5" duration-ms="0" started-at="2015-06-19T12:56:12Z" finished-at="2015-06-19T12:56:12Z">
          <reporter-output>
          </reporter-output>
        </test-method> <!-- groupsMethod5 -->
        <test-method status="PASS" signature="groupsMethod4()[pri:0, instance:com.techm.testng.TestNgGroupsClass@77847718]" name="groupsMethod4" duration-ms="0" started-at="2015-06-19T12:56:12Z" finished-at="2015-06-19T12:56:12Z">
          <reporter-output>
          </reporter-output>
        </test-method> <!-- groupsMethod4 -->
      </class> <!-- com.techm.testng.TestNgGroupsClass -->
      <class name="com.techm.practise.ITestListenerClass">
        <test-method status="PASS" signature="f()[pri:0, instance:com.techm.practise.ITestListenerClass@ed7f8b4]" name="f" duration-ms="0" started-at="2015-06-19T12:55:22Z" finished-at="2015-06-19T12:55:22Z">
          <reporter-output>
          </reporter-output>
        </test-method> <!-- f -->
      </class> <!-- com.techm.practise.ITestListenerClass -->
      <class name="com.techm.testng.TestNgClassDependsOnMethods">
        <test-method status="PASS" signature="payment()[pri:0, instance:com.techm.testng.TestNgClassDependsOnMethods@1a04f701]" name="payment" duration-ms="0" started-at="2015-06-19T12:56:12Z" finished-at="2015-06-19T12:56:12Z">
          <reporter-output>
          </reporter-output>
        </test-method> <!-- payment -->
        <test-method status="PASS" signature="login()[pri:0, instance:com.techm.testng.TestNgClassDependsOnMethods@1a04f701]" name="login" duration-ms="0" started-at="2015-06-19T12:56:12Z" finished-at="2015-06-19T12:56:12Z">
          <reporter-output>
          </reporter-output>
        </test-method> <!-- login -->
        <test-method status="PASS" signature="pop$$()[pri:0, instance:com.techm.testng.TestNgClassDependsOnMethods@1a04f701]" name="pop$$" duration-ms="0" started-at="2015-06-19T12:56:12Z" finished-at="2015-06-19T12:56:12Z">
          <reporter-output>
          </reporter-output>
        </test-method> <!-- pop$$ -->
        <test-method status="PASS" signature="logout()[pri:0, instance:com.techm.testng.TestNgClassDependsOnMethods@1a04f701]" name="logout" duration-ms="0" started-at="2015-06-19T12:56:12Z" depends-on-methods="com.techm.testng.TestNgClassDependsOnMethods.payment, com.techm.testng.TestNgClassDependsOnMethods.login, com.techm.testng.TestNgClassDependsOnMethods.pop$$" finished-at="2015-06-19T12:56:12Z">
          <reporter-output>
          </reporter-output>
        </test-method> <!-- logout -->
      </class> <!-- com.techm.testng.TestNgClassDependsOnMethods -->
      <class name="com.techm.testng.TestNGClassPriority">
        <test-method status="PASS" signature="testCaseD()[pri:0, instance:com.techm.testng.TestNGClassPriority@d4342c2]" name="testCaseD" duration-ms="0" started-at="2015-06-19T12:56:12Z" finished-at="2015-06-19T12:56:12Z">
          <reporter-output>
          </reporter-output>
        </test-method> <!-- testCaseD -->
        <test-method status="PASS" signature="testCaseE()[pri:0, instance:com.techm.testng.TestNGClassPriority@d4342c2]" name="testCaseE" duration-ms="0" started-at="2015-06-19T12:56:12Z" finished-at="2015-06-19T12:56:12Z">
          <reporter-output>
          </reporter-output>
        </test-method> <!-- testCaseE -->
        <test-method status="PASS" signature="testCaseB()[pri:0, instance:com.techm.testng.TestNGClassPriority@d4342c2]" name="testCaseB" duration-ms="0" started-at="2015-06-19T12:56:12Z" finished-at="2015-06-19T12:56:12Z">
          <reporter-output>
          </reporter-output>
        </test-method> <!-- testCaseB -->
        <test-method status="PASS" signature="testCaseA()[pri:0, instance:com.techm.testng.TestNGClassPriority@d4342c2]" name="testCaseA" duration-ms="0" started-at="2015-06-19T12:56:12Z" description="A Description about Test Case A" finished-at="2015-06-19T12:56:12Z">
          <reporter-output>
          </reporter-output>
        </test-method> <!-- testCaseA -->
        <test-method status="PASS" signature="testCaseG()[pri:0, instance:com.techm.testng.TestNGClassPriority@d4342c2]" name="testCaseG" duration-ms="0" started-at="2015-06-19T12:56:12Z" finished-at="2015-06-19T12:56:12Z">
          <reporter-output>
          </reporter-output>
        </test-method> <!-- testCaseG -->
        <test-method status="PASS" signature="testCaseF()[pri:0, instance:com.techm.testng.TestNGClassPriority@d4342c2]" name="testCaseF" duration-ms="0" started-at="2015-06-19T12:56:12Z" finished-at="2015-06-19T12:56:12Z">
          <reporter-output>
          </reporter-output>
        </test-method> <!-- testCaseF -->
        <test-method status="PASS" signature="testCaseC()[pri:0, instance:com.techm.testng.TestNGClassPriority@d4342c2]" name="testCaseC" duration-ms="0" depends-on-groups="regression" started-at="2015-06-19T12:56:12Z" finished-at="2015-06-19T12:56:12Z">
          <reporter-output>
          </reporter-output>
        </test-method> <!-- testCaseC -->
      </class> <!-- com.techm.testng.TestNGClassPriority -->
      <class name="com.techm.testng.NewClass">
        <test-method status="PASS" signature="newClass()[pri:0, instance:com.techm.testng.NewClass@37271612]" name="newClass" duration-ms="0" started-at="2015-06-19T12:55:22Z" finished-at="2015-06-19T12:55:22Z">
          <reporter-output>
          </reporter-output>
        </test-method> <!-- newClass -->
      </class> <!-- com.techm.testng.NewClass -->
      <class name="com.techm.testng.TestCaseOne">
        <test-method status="PASS" signature="testMethodOne()[pri:0, instance:com.techm.testng.TestCaseOne@158d2680]" name="testMethodOne" duration-ms="5001" started-at="2015-06-19T12:56:07Z" finished-at="2015-06-19T12:56:12Z">
          <reporter-output>
          </reporter-output>
        </test-method> <!-- testMethodOne -->
      </class> <!-- com.techm.testng.TestCaseOne -->
      <class name="com.techm.practise.ITestResultClass">
        <test-method status="FAIL" signature="testCaseA()[pri:0, instance:com.techm.practise.ITestResultClass@163e4e87]" name="testCaseA" duration-ms="0" started-at="2015-06-19T12:55:22Z" finished-at="2015-06-19T12:55:22Z">
          <exception class="java.lang.AssertionError">
            <message>
              <![CDATA[Failing the test case A]]>
            </message>
            <full-stacktrace>
              <![CDATA[java.lang.AssertionError: Failing the test case A
	at org.testng.Assert.fail(Assert.java:94)
	at com.techm.practise.ITestResultClass.testCaseA(Unknown Source)
	at sun.reflect.NativeMethodAccessorImpl.invoke0(Native Method)
	at sun.reflect.NativeMethodAccessorImpl.invoke(Unknown Source)
	at sun.reflect.DelegatingMethodAccessorImpl.invoke(Unknown Source)
	at java.lang.reflect.Method.invoke(Unknown Source)
	at org.testng.internal.MethodInvocationHelper.invokeMethod(MethodInvocationHelper.java:84)
	at org.testng.internal.Invoker.invokeMethod(Invoker.java:714)
	at org.testng.internal.Invoker.invokeTestMethod(Invoker.java:901)
	at org.testng.internal.Invoker.invokeTestMethods(Invoker.java:1231)
	at org.testng.internal.TestMethodWorker.invokeTestMethods(TestMethodWorker.java:127)
	at org.testng.internal.TestMethodWorker.run(TestMethodWorker.java:111)
	at org.testng.TestRunner.privateRun(TestRunner.java:767)
	at org.testng.TestRunner.run(TestRunner.java:617)
	at org.testng.SuiteRunner.runTest(SuiteRunner.java:334)
	at org.testng.SuiteRunner.access$000(SuiteRunner.java:37)
	at org.testng.SuiteRunner$SuiteWorker.run(SuiteRunner.java:368)
	at org.testng.internal.thread.ThreadUtil$2.call(ThreadUtil.java:64)
	at java.util.concurrent.FutureTask.run(Unknown Source)
	at java.util.concurrent.ThreadPoolExecutor.runWorker(Unknown Source)
	at java.util.concurrent.ThreadPoolExecutor$Worker.run(Unknown Source)
	at java.lang.Thread.run(Unknown Source)
]]>
            </full-stacktrace>
          </exception> <!-- java.lang.AssertionError -->
          <reporter-output>
          </reporter-output>
        </test-method> <!-- testCaseA -->
        <test-method status="PASS" signature="resultMethod(org.testng.ITestResult)[pri:0, instance:com.techm.practise.ITestResultClass@163e4e87]" name="resultMethod" is-config="true" duration-ms="0" started-at="2015-06-19T12:55:22Z" finished-at="2015-06-19T12:55:22Z">
          <params>
            <param index="0">
              <value>
                <![CDATA[[TestResult name=testCaseB status=SUCCESS method=ITestResultClass.testCaseB()[pri:0, instance:com.techm.practise.ITestResultClass@163e4e87] output={null}]]]>
              </value>
            </param>
          </params>
          <reporter-output>
          </reporter-output>
        </test-method> <!-- resultMethod -->
        <test-method status="PASS" signature="resultMethod(org.testng.ITestResult)[pri:0, instance:com.techm.practise.ITestResultClass@163e4e87]" name="resultMethod" is-config="true" duration-ms="0" started-at="2015-06-19T12:55:22Z" finished-at="2015-06-19T12:55:22Z">
          <params>
            <param index="0">
              <value>
                <![CDATA[[TestResult name=testCaseA status=FAILURE method=ITestResultClass.testCaseA()[pri:0, instance:com.techm.practise.ITestResultClass@163e4e87] output={null}]]]>
              </value>
            </param>
          </params>
          <reporter-output>
          </reporter-output>
        </test-method> <!-- resultMethod -->
        <test-method status="PASS" signature="testCaseB()[pri:0, instance:com.techm.practise.ITestResultClass@163e4e87]" name="testCaseB" duration-ms="0" started-at="2015-06-19T12:55:22Z" finished-at="2015-06-19T12:55:22Z">
          <reporter-output>
          </reporter-output>
        </test-method> <!-- testCaseB -->
      </class> <!-- com.techm.practise.ITestResultClass -->
      <class name="com.techm.testng.TestNGImpClass">
        <test-method status="PASS" signature="foo(java.lang.String, java.lang.String, java.lang.String, java.lang.String, java.lang.String)[pri:0, instance:com.techm.testng.TestNGImpClass@4e91d63f]" name="foo" duration-ms="0" started-at="2015-06-19T12:56:12Z" data-provider="dataSpecial" finished-at="2015-06-19T12:56:12Z">
          <params>
            <param index="0">
              <value>
                <![CDATA[user11]]>
              </value>
            </param>
            <param index="1">
              <value>
                <![CDATA[pass11]]>
              </value>
            </param>
            <param index="2">
              <value>
                <![CDATA[sq111]]>
              </value>
            </param>
            <param index="3">
              <value>
                <![CDATA[sq211]]>
              </value>
            </param>
            <param index="4">
              <value>
                <![CDATA[sq311]]>
              </value>
            </param>
          </params>
          <reporter-output>
          </reporter-output>
        </test-method> <!-- foo -->
        <test-method status="PASS" signature="foo(java.lang.String, java.lang.String, java.lang.String, java.lang.String, java.lang.String)[pri:0, instance:com.techm.testng.TestNGImpClass@4e91d63f]" name="foo" duration-ms="0" started-at="2015-06-19T12:56:12Z" data-provider="dataSpecial" finished-at="2015-06-19T12:56:12Z">
          <params>
            <param index="0">
              <value>
                <![CDATA[user22]]>
              </value>
            </param>
            <param index="1">
              <value>
                <![CDATA[pass22]]>
              </value>
            </param>
            <param index="2">
              <value>
                <![CDATA[sq122]]>
              </value>
            </param>
            <param index="3">
              <value>
                <![CDATA[sq222]]>
              </value>
            </param>
            <param index="4">
              <value>
                <![CDATA[sq322]]>
              </value>
            </param>
          </params>
          <reporter-output>
          </reporter-output>
        </test-method> <!-- foo -->
        <test-method status="PASS" signature="foo(java.lang.String, java.lang.String, java.lang.String, java.lang.String, java.lang.String)[pri:0, instance:com.techm.testng.TestNGImpClass@4e91d63f]" name="foo" duration-ms="5" started-at="2015-06-19T12:56:12Z" data-provider="dataSpecial" finished-at="2015-06-19T12:56:12Z">
          <params>
            <param index="0">
              <value>
                <![CDATA[user44]]>
              </value>
            </param>
            <param index="1">
              <value>
                <![CDATA[pass44]]>
              </value>
            </param>
            <param index="2">
              <value>
                <![CDATA[sq144]]>
              </value>
            </param>
            <param index="3">
              <value>
                <![CDATA[sq244]]>
              </value>
            </param>
            <param index="4">
              <value>
                <![CDATA[sq344]]>
              </value>
            </param>
          </params>
          <reporter-output>
          </reporter-output>
        </test-method> <!-- foo -->
        <test-method status="PASS" signature="foo(java.lang.String, java.lang.String, java.lang.String, java.lang.String, java.lang.String)[pri:0, instance:com.techm.testng.TestNGImpClass@4e91d63f]" name="foo" duration-ms="0" started-at="2015-06-19T12:56:12Z" data-provider="dataSpecial" finished-at="2015-06-19T12:56:12Z">
          <params>
            <param index="0">
              <value>
                <![CDATA[user00]]>
              </value>
            </param>
            <param index="1">
              <value>
                <![CDATA[pass00]]>
              </value>
            </param>
            <param index="2">
              <value>
                <![CDATA[sq100]]>
              </value>
            </param>
            <param index="3">
              <value>
                <![CDATA[sq200]]>
              </value>
            </param>
            <param index="4">
              <value>
                <![CDATA[sq300]]>
              </value>
            </param>
          </params>
          <reporter-output>
          </reporter-output>
        </test-method> <!-- foo -->
        <test-method status="PASS" signature="foo(java.lang.String, java.lang.String, java.lang.String, java.lang.String, java.lang.String)[pri:0, instance:com.techm.testng.TestNGImpClass@4e91d63f]" name="foo" duration-ms="0" started-at="2015-06-19T12:56:12Z" data-provider="dataSpecial" finished-at="2015-06-19T12:56:12Z">
          <params>
            <param index="0">
              <value>
                <![CDATA[user33]]>
              </value>
            </param>
            <param index="1">
              <value>
                <![CDATA[pass33]]>
              </value>
            </param>
            <param index="2">
              <value>
                <![CDATA[sq133]]>
              </value>
            </param>
            <param index="3">
              <value>
                <![CDATA[sq233]]>
              </value>
            </param>
            <param index="4">
              <value>
                <![CDATA[sq333]]>
              </value>
            </param>
          </params>
          <reporter-output>
          </reporter-output>
        </test-method> <!-- foo -->
      </class> <!-- com.techm.testng.TestNGImpClass -->
      <class name="com.techm.testng.DataProviderClassName">
        <test-method status="PASS" signature="loginTestCase0(java.lang.String, java.lang.String)[pri:0, instance:com.techm.testng.DataProviderClassName@43301423]" name="loginTestCase0" duration-ms="0" started-at="2015-06-19T12:55:22Z" data-provider="dataProviderMethod" finished-at="2015-06-19T12:55:22Z">
          <params>
            <param index="0">
              <value>
                <![CDATA[user2]]>
              </value>
            </param>
            <param index="1">
              <value>
                <![CDATA[pass2]]>
              </value>
            </param>
          </params>
          <reporter-output>
          </reporter-output>
        </test-method> <!-- loginTestCase0 -->
        <test-method status="PASS" signature="loginTestCase0(java.lang.String, java.lang.String)[pri:0, instance:com.techm.testng.DataProviderClassName@43301423]" name="loginTestCase0" duration-ms="0" started-at="2015-06-19T12:55:22Z" data-provider="dataProviderMethod" finished-at="2015-06-19T12:55:22Z">
          <params>
            <param index="0">
              <value>
                <![CDATA[user0]]>
              </value>
            </param>
            <param index="1">
              <value>
                <![CDATA[pass0]]>
              </value>
            </param>
          </params>
          <reporter-output>
          </reporter-output>
        </test-method> <!-- loginTestCase0 -->
        <test-method status="PASS" signature="loginTestCase0(java.lang.String, java.lang.String)[pri:0, instance:com.techm.testng.DataProviderClassName@43301423]" name="loginTestCase0" duration-ms="0" started-at="2015-06-19T12:55:22Z" data-provider="dataProviderMethod" finished-at="2015-06-19T12:55:22Z">
          <params>
            <param index="0">
              <value>
                <![CDATA[user1]]>
              </value>
            </param>
            <param index="1">
              <value>
                <![CDATA[pass1]]>
              </value>
            </param>
          </params>
          <reporter-output>
          </reporter-output>
        </test-method> <!-- loginTestCase0 -->
      </class> <!-- com.techm.testng.DataProviderClassName -->
      <class name="com.techm.testng.ParameterClass">
        <test-method status="PASS" signature="paramterMethod(java.lang.String)[pri:0, instance:com.techm.testng.ParameterClass@646be2c3]" name="paramterMethod" duration-ms="0" started-at="2015-06-19T12:55:22Z" finished-at="2015-06-19T12:55:22Z">
          <params>
            <param index="0">
              <value>
                <![CDATA[http://citiuat1.com]]>
              </value>
            </param>
          </params>
          <reporter-output>
          </reporter-output>
        </test-method> <!-- paramterMethod -->
      </class> <!-- com.techm.testng.ParameterClass -->
      <class name="com.techm.testng.TestCaseTwo">
        <test-method status="PASS" signature="testMethodTwo()[pri:0, instance:com.techm.testng.TestCaseTwo@797badd3]" name="testMethodTwo" duration-ms="0" started-at="2015-06-19T12:56:12Z" finished-at="2015-06-19T12:56:12Z">
          <reporter-output>
          </reporter-output>
        </test-method> <!-- testMethodTwo -->
        <test-method status="PASS" signature="resultMethod(org.testng.ITestResult)[pri:0, instance:com.techm.testng.TestCaseTwo@797badd3]" name="resultMethod" is-config="true" duration-ms="0" started-at="2015-06-19T12:56:12Z" finished-at="2015-06-19T12:56:12Z">
          <params>
            <param index="0">
              <value>
                <![CDATA[[TestResult name=testMethodTwo status=SUCCESS method=TestCaseTwo.testMethodTwo()[pri:0, instance:com.techm.testng.TestCaseTwo@797badd3] output={null}]]]>
              </value>
            </param>
          </params>
          <reporter-output>
          </reporter-output>
        </test-method> <!-- resultMethod -->
        <test-method status="PASS" signature="resultMethod(org.testng.ITestResult)[pri:0, instance:com.techm.testng.TestCaseTwo@797badd3]" name="resultMethod" is-config="true" duration-ms="0" started-at="2015-06-19T12:56:12Z" finished-at="2015-06-19T12:56:12Z">
          <params>
            <param index="0">
              <value>
                <![CDATA[[TestResult name=testCaseB status=SUCCESS method=ITestResultClass.testCaseB()[pri:0, instance:com.techm.testng.TestCaseTwo@797badd3] output={null}]]]>
              </value>
            </param>
          </params>
          <reporter-output>
          </reporter-output>
        </test-method> <!-- resultMethod -->
        <test-method status="PASS" signature="testCaseB()[pri:0, instance:com.techm.testng.TestCaseTwo@797badd3]" name="testCaseB" duration-ms="0" started-at="2015-06-19T12:56:12Z" finished-at="2015-06-19T12:56:12Z">
          <reporter-output>
          </reporter-output>
        </test-method> <!-- testCaseB -->
        <test-method status="PASS" signature="resultMethod(org.testng.ITestResult)[pri:0, instance:com.techm.testng.TestCaseTwo@797badd3]" name="resultMethod" is-config="true" duration-ms="0" started-at="2015-06-19T12:56:12Z" finished-at="2015-06-19T12:56:12Z">
          <params>
            <param index="0">
              <value>
                <![CDATA[[TestResult name=testCaseA status=FAILURE method=ITestResultClass.testCaseA()[pri:0, instance:com.techm.testng.TestCaseTwo@797badd3] output={null}]]]>
              </value>
            </param>
          </params>
          <reporter-output>
          </reporter-output>
        </test-method> <!-- resultMethod -->
        <test-method status="FAIL" signature="testCaseA()[pri:0, instance:com.techm.testng.TestCaseTwo@797badd3]" name="testCaseA" duration-ms="0" started-at="2015-06-19T12:56:12Z" finished-at="2015-06-19T12:56:12Z">
          <exception class="java.lang.AssertionError">
            <message>
              <![CDATA[Failing the test case A]]>
            </message>
            <full-stacktrace>
              <![CDATA[java.lang.AssertionError: Failing the test case A
	at org.testng.Assert.fail(Assert.java:94)
	at com.techm.practise.ITestResultClass.testCaseA(Unknown Source)
	at sun.reflect.NativeMethodAccessorImpl.invoke0(Native Method)
	at sun.reflect.NativeMethodAccessorImpl.invoke(Unknown Source)
	at sun.reflect.DelegatingMethodAccessorImpl.invoke(Unknown Source)
	at java.lang.reflect.Method.invoke(Unknown Source)
	at org.testng.internal.MethodInvocationHelper.invokeMethod(MethodInvocationHelper.java:84)
	at org.testng.internal.Invoker.invokeMethod(Invoker.java:714)
	at org.testng.internal.Invoker.invokeTestMethod(Invoker.java:901)
	at org.testng.internal.Invoker.invokeTestMethods(Invoker.java:1231)
	at org.testng.internal.TestMethodWorker.invokeTestMethods(TestMethodWorker.java:127)
	at org.testng.internal.TestMethodWorker.run(TestMethodWorker.java:111)
	at org.testng.TestRunner.privateRun(TestRunner.java:767)
	at org.testng.TestRunner.run(TestRunner.java:617)
	at org.testng.SuiteRunner.runTest(SuiteRunner.java:334)
	at org.testng.SuiteRunner.access$000(SuiteRunner.java:37)
	at org.testng.SuiteRunner$SuiteWorker.run(SuiteRunner.java:368)
	at org.testng.internal.thread.ThreadUtil$2.call(ThreadUtil.java:64)
	at java.util.concurrent.FutureTask.run(Unknown Source)
	at java.util.concurrent.ThreadPoolExecutor.runWorker(Unknown Source)
	at java.util.concurrent.ThreadPoolExecutor$Worker.run(Unknown Source)
	at java.lang.Thread.run(Unknown Source)
]]>
            </full-stacktrace>
          </exception> <!-- java.lang.AssertionError -->
          <reporter-output>
          </reporter-output>
        </test-method> <!-- testCaseA -->
      </class> <!-- com.techm.testng.TestCaseTwo -->
      <class name="com.techm.testng.listeners.ITestResultClass">
        <test-method status="PASS" signature="coke()[pri:0, instance:com.techm.testng.listeners.ITestResultClass@2b662a77]" name="coke" duration-ms="0" started-at="2015-06-19T12:55:22Z" finished-at="2015-06-19T12:55:22Z">
          <reporter-output>
          </reporter-output>
        </test-method> <!-- coke -->
        <test-method status="PASS" signature="afterMethodITestResult(org.testng.ITestResult)[pri:0, instance:com.techm.testng.listeners.ITestResultClass@2b662a77]" name="afterMethodITestResult" is-config="true" duration-ms="1" started-at="2015-06-19T12:55:22Z" finished-at="2015-06-19T12:55:22Z">
          <params>
            <param index="0">
              <value>
                <![CDATA[[TestResult name=coke status=SUCCESS method=ITestResultClass.coke()[pri:0, instance:com.techm.testng.listeners.ITestResultClass@2b662a77] output={null}]]]>
              </value>
            </param>
          </params>
          <reporter-output>
          </reporter-output>
        </test-method> <!-- afterMethodITestResult -->
        <test-method status="PASS" signature="afterMethodITestResult(org.testng.ITestResult)[pri:0, instance:com.techm.testng.listeners.ITestResultClass@2b662a77]" name="afterMethodITestResult" is-config="true" duration-ms="0" started-at="2015-06-19T12:55:22Z" finished-at="2015-06-19T12:55:22Z">
          <params>
            <param index="0">
              <value>
                <![CDATA[[TestResult name=bar status=FAILURE method=ITestResultClass.bar()[pri:0, instance:com.techm.testng.listeners.ITestResultClass@2b662a77] output={null}]]]>
              </value>
            </param>
          </params>
          <reporter-output>
          </reporter-output>
        </test-method> <!-- afterMethodITestResult -->
        <test-method status="FAIL" signature="bar()[pri:0, instance:com.techm.testng.listeners.ITestResultClass@2b662a77]" name="bar" duration-ms="0" started-at="2015-06-19T12:55:22Z" finished-at="2015-06-19T12:55:22Z">
          <exception class="java.lang.AssertionError">
            <message>
              <![CDATA[Method bar is a failure :( ]]>
            </message>
            <full-stacktrace>
              <![CDATA[java.lang.AssertionError: Method bar is a failure :( 
	at org.testng.Assert.fail(Assert.java:94)
	at com.techm.testng.listeners.ITestResultClass.bar(Unknown Source)
	at sun.reflect.NativeMethodAccessorImpl.invoke0(Native Method)
	at sun.reflect.NativeMethodAccessorImpl.invoke(Unknown Source)
	at sun.reflect.DelegatingMethodAccessorImpl.invoke(Unknown Source)
	at java.lang.reflect.Method.invoke(Unknown Source)
	at org.testng.internal.MethodInvocationHelper.invokeMethod(MethodInvocationHelper.java:84)
	at org.testng.internal.Invoker.invokeMethod(Invoker.java:714)
	at org.testng.internal.Invoker.invokeTestMethod(Invoker.java:901)
	at org.testng.internal.Invoker.invokeTestMethods(Invoker.java:1231)
	at org.testng.internal.TestMethodWorker.invokeTestMethods(TestMethodWorker.java:127)
	at org.testng.internal.TestMethodWorker.run(TestMethodWorker.java:111)
	at org.testng.TestRunner.privateRun(TestRunner.java:767)
	at org.testng.TestRunner.run(TestRunner.java:617)
	at org.testng.SuiteRunner.runTest(SuiteRunner.java:334)
	at org.testng.SuiteRunner.access$000(SuiteRunner.java:37)
	at org.testng.SuiteRunner$SuiteWorker.run(SuiteRunner.java:368)
	at org.testng.internal.thread.ThreadUtil$2.call(ThreadUtil.java:64)
	at java.util.concurrent.FutureTask.run(Unknown Source)
	at java.util.concurrent.ThreadPoolExecutor.runWorker(Unknown Source)
	at java.util.concurrent.ThreadPoolExecutor$Worker.run(Unknown Source)
	at java.lang.Thread.run(Unknown Source)
]]>
            </full-stacktrace>
          </exception> <!-- java.lang.AssertionError -->
          <reporter-output>
          </reporter-output>
        </test-method> <!-- bar -->
        <test-method status="PASS" signature="foo()[pri:0, instance:com.techm.testng.listeners.ITestResultClass@2b662a77]" name="foo" duration-ms="0" started-at="2015-06-19T12:55:22Z" finished-at="2015-06-19T12:55:22Z">
          <reporter-output>
          </reporter-output>
        </test-method> <!-- foo -->
        <test-method status="PASS" signature="afterMethodITestResult(org.testng.ITestResult)[pri:0, instance:com.techm.testng.listeners.ITestResultClass@2b662a77]" name="afterMethodITestResult" is-config="true" duration-ms="68" started-at="2015-06-19T12:55:22Z" finished-at="2015-06-19T12:55:22Z">
          <params>
            <param index="0">
              <value>
                <![CDATA[[TestResult name=foo status=SUCCESS method=ITestResultClass.foo()[pri:0, instance:com.techm.testng.listeners.ITestResultClass@2b662a77] output={null}]]]>
              </value>
            </param>
          </params>
          <reporter-output>
          </reporter-output>
        </test-method> <!-- afterMethodITestResult -->
        <test-method status="PASS" signature="afterMethodITestResult(org.testng.ITestResult)[pri:0, instance:com.techm.testng.listeners.ITestResultClass@2b662a77]" name="afterMethodITestResult" is-config="true" duration-ms="0" started-at="2015-06-19T12:55:22Z" finished-at="2015-06-19T12:55:22Z">
          <params>
            <param index="0">
              <value>
                <![CDATA[[TestResult name=orange status=SUCCESS method=ITestResultClass.orange()[pri:0, instance:com.techm.testng.listeners.ITestResultClass@2b662a77] output={null}]]]>
              </value>
            </param>
          </params>
          <reporter-output>
          </reporter-output>
        </test-method> <!-- afterMethodITestResult -->
        <test-method status="PASS" signature="orange()[pri:0, instance:com.techm.testng.listeners.ITestResultClass@2b662a77]" name="orange" duration-ms="0" started-at="2015-06-19T12:55:22Z" finished-at="2015-06-19T12:55:22Z">
          <reporter-output>
          </reporter-output>
        </test-method> <!-- orange -->
        <test-method status="PASS" signature="wine()[pri:0, instance:com.techm.testng.listeners.ITestResultClass@2b662a77]" name="wine" duration-ms="0" started-at="2015-06-19T12:55:22Z" finished-at="2015-06-19T12:55:22Z">
          <reporter-output>
          </reporter-output>
        </test-method> <!-- wine -->
        <test-method status="PASS" signature="afterMethodITestResult(org.testng.ITestResult)[pri:0, instance:com.techm.testng.listeners.ITestResultClass@2b662a77]" name="afterMethodITestResult" is-config="true" duration-ms="0" started-at="2015-06-19T12:55:22Z" finished-at="2015-06-19T12:55:22Z">
          <params>
            <param index="0">
              <value>
                <![CDATA[[TestResult name=wine status=SUCCESS method=ITestResultClass.wine()[pri:0, instance:com.techm.testng.listeners.ITestResultClass@2b662a77] output={null}]]]>
              </value>
            </param>
          </params>
          <reporter-output>
          </reporter-output>
        </test-method> <!-- afterMethodITestResult -->
      </class> <!-- com.techm.testng.listeners.ITestResultClass -->
      <class name="com.techm.testng.SalesForceTest">
        <test-method status="PASS" signature="loginSalesforce()[pri:0, instance:com.techm.testng.SalesForceTest@10e31a9a]" name="loginSalesforce" duration-ms="44901" started-at="2015-06-19T12:55:22Z" finished-at="2015-06-19T12:56:07Z">
          <reporter-output>
          </reporter-output>
        </test-method> <!-- loginSalesforce -->
      </class> <!-- com.techm.testng.SalesForceTest -->
      <class name="com.techm.testng.DataProviderClass1">
        <test-method status="PASS" signature="testCaseThree(java.lang.String, java.lang.String, int, java.lang.String, java.lang.String)[pri:0, instance:com.techm.testng.DataProviderClass1@2f112965]" name="testCaseThree" duration-ms="0" started-at="2015-06-19T12:55:22Z" data-provider="data1" finished-at="2015-06-19T12:55:22Z">
          <params>
            <param index="0">
              <value>
                <![CDATA[5267432146627760]]>
              </value>
            </param>
            <param index="1">
              <value>
                <![CDATA[FJ76FG56]]>
              </value>
            </param>
            <param index="2">
              <value>
                <![CDATA[1234]]>
              </value>
            </param>
            <param index="3">
              <value>
                <![CDATA[user1]]>
              </value>
            </param>
            <param index="4">
              <value>
                <![CDATA[pass1]]>
              </value>
            </param>
          </params>
          <reporter-output>
          </reporter-output>
        </test-method> <!-- testCaseThree -->
        <test-method status="FAIL" signature="testCaseTwo(java.lang.String, java.lang.String)[pri:0, instance:com.techm.testng.DataProviderClass1@2f112965]" name="testCaseTwo" duration-ms="0" started-at="2015-06-19T12:55:22Z" data-provider="data1" finished-at="2015-06-19T12:55:22Z">
          <params>
            <param index="0">
              <value>
                <![CDATA[user0]]>
              </value>
            </param>
            <param index="1">
              <value>
                <![CDATA[pass0]]>
              </value>
            </param>
          </params>
          <exception class="java.lang.AssertionError">
            <message>
              <![CDATA[Failing the testCasetwo Method inside Class: class java.lang.reflect.Method]]>
            </message>
            <full-stacktrace>
              <![CDATA[java.lang.AssertionError: Failing the testCasetwo Method inside Class: class java.lang.reflect.Method
	at org.testng.Assert.fail(Assert.java:94)
	at com.techm.testng.DataProviderClass1.testCaseTwo(Unknown Source)
	at sun.reflect.NativeMethodAccessorImpl.invoke0(Native Method)
	at sun.reflect.NativeMethodAccessorImpl.invoke(Unknown Source)
	at sun.reflect.DelegatingMethodAccessorImpl.invoke(Unknown Source)
	at java.lang.reflect.Method.invoke(Unknown Source)
	at org.testng.internal.MethodInvocationHelper.invokeMethod(MethodInvocationHelper.java:84)
	at org.testng.internal.Invoker.invokeMethod(Invoker.java:714)
	at org.testng.internal.Invoker.invokeTestMethod(Invoker.java:901)
	at org.testng.internal.Invoker.invokeTestMethods(Invoker.java:1231)
	at org.testng.internal.TestMethodWorker.invokeTestMethods(TestMethodWorker.java:127)
	at org.testng.internal.TestMethodWorker.run(TestMethodWorker.java:111)
	at org.testng.TestRunner.privateRun(TestRunner.java:767)
	at org.testng.TestRunner.run(TestRunner.java:617)
	at org.testng.SuiteRunner.runTest(SuiteRunner.java:334)
	at org.testng.SuiteRunner.access$000(SuiteRunner.java:37)
	at org.testng.SuiteRunner$SuiteWorker.run(SuiteRunner.java:368)
	at org.testng.internal.thread.ThreadUtil$2.call(ThreadUtil.java:64)
	at java.util.concurrent.FutureTask.run(Unknown Source)
	at java.util.concurrent.ThreadPoolExecutor.runWorker(Unknown Source)
	at java.util.concurrent.ThreadPoolExecutor$Worker.run(Unknown Source)
	at java.lang.Thread.run(Unknown Source)
]]>
            </full-stacktrace>
          </exception> <!-- java.lang.AssertionError -->
          <reporter-output>
          </reporter-output>
        </test-method> <!-- testCaseTwo -->
        <test-method status="PASS" signature="testCaseThree(java.lang.String, java.lang.String, int, java.lang.String, java.lang.String)[pri:0, instance:com.techm.testng.DataProviderClass1@2f112965]" name="testCaseThree" duration-ms="0" started-at="2015-06-19T12:55:22Z" data-provider="data1" finished-at="2015-06-19T12:55:22Z">
          <params>
            <param index="0">
              <value>
                <![CDATA[5267432109875690]]>
              </value>
            </param>
            <param index="1">
              <value>
                <![CDATA[AZ677Y435]]>
              </value>
            </param>
            <param index="2">
              <value>
                <![CDATA[1234]]>
              </value>
            </param>
            <param index="3">
              <value>
                <![CDATA[user0]]>
              </value>
            </param>
            <param index="4">
              <value>
                <![CDATA[pass0]]>
              </value>
            </param>
          </params>
          <reporter-output>
          </reporter-output>
        </test-method> <!-- testCaseThree -->
        <test-method status="FAIL" signature="testCaseTwo(java.lang.String, java.lang.String)[pri:0, instance:com.techm.testng.DataProviderClass1@2f112965]" name="testCaseTwo" duration-ms="0" started-at="2015-06-19T12:55:22Z" data-provider="data1" finished-at="2015-06-19T12:55:22Z">
          <params>
            <param index="0">
              <value>
                <![CDATA[user1]]>
              </value>
            </param>
            <param index="1">
              <value>
                <![CDATA[pass1]]>
              </value>
            </param>
          </params>
          <exception class="java.lang.AssertionError">
            <message>
              <![CDATA[Failing the testCasetwo Method inside Class: class java.lang.reflect.Method]]>
            </message>
            <full-stacktrace>
              <![CDATA[java.lang.AssertionError: Failing the testCasetwo Method inside Class: class java.lang.reflect.Method
	at org.testng.Assert.fail(Assert.java:94)
	at com.techm.testng.DataProviderClass1.testCaseTwo(Unknown Source)
	at sun.reflect.NativeMethodAccessorImpl.invoke0(Native Method)
	at sun.reflect.NativeMethodAccessorImpl.invoke(Unknown Source)
	at sun.reflect.DelegatingMethodAccessorImpl.invoke(Unknown Source)
	at java.lang.reflect.Method.invoke(Unknown Source)
	at org.testng.internal.MethodInvocationHelper.invokeMethod(MethodInvocationHelper.java:84)
	at org.testng.internal.Invoker.invokeMethod(Invoker.java:714)
	at org.testng.internal.Invoker.invokeTestMethod(Invoker.java:901)
	at org.testng.internal.Invoker.invokeTestMethods(Invoker.java:1231)
	at org.testng.internal.TestMethodWorker.invokeTestMethods(TestMethodWorker.java:127)
	at org.testng.internal.TestMethodWorker.run(TestMethodWorker.java:111)
	at org.testng.TestRunner.privateRun(TestRunner.java:767)
	at org.testng.TestRunner.run(TestRunner.java:617)
	at org.testng.SuiteRunner.runTest(SuiteRunner.java:334)
	at org.testng.SuiteRunner.access$000(SuiteRunner.java:37)
	at org.testng.SuiteRunner$SuiteWorker.run(SuiteRunner.java:368)
	at org.testng.internal.thread.ThreadUtil$2.call(ThreadUtil.java:64)
	at java.util.concurrent.FutureTask.run(Unknown Source)
	at java.util.concurrent.ThreadPoolExecutor.runWorker(Unknown Source)
	at java.util.concurrent.ThreadPoolExecutor$Worker.run(Unknown Source)
	at java.lang.Thread.run(Unknown Source)
]]>
            </full-stacktrace>
          </exception> <!-- java.lang.AssertionError -->
          <reporter-output>
          </reporter-output>
        </test-method> <!-- testCaseTwo -->
      </class> <!-- com.techm.testng.DataProviderClass1 -->
      <class name="com.techm.testng.TestNgClass">
        <test-method status="PASS" signature="beforeSuite()[pri:0, instance:com.techm.testng.TestNgClass@131774fe]" name="beforeSuite" is-config="true" duration-ms="0" started-at="2015-06-19T12:55:22Z" finished-at="2015-06-19T12:55:22Z">
          <reporter-output>
          </reporter-output>
        </test-method> <!-- beforeSuite -->
        <test-method status="PASS" signature="beforeTest()[pri:0, instance:com.techm.testng.TestNgClass@131774fe]" name="beforeTest" is-config="true" duration-ms="0" started-at="2015-06-19T12:55:22Z" finished-at="2015-06-19T12:55:22Z">
          <reporter-output>
          </reporter-output>
        </test-method> <!-- beforeTest -->
        <test-method status="PASS" signature="beforeClassMethod()[pri:0, instance:com.techm.testng.TestNgClass@131774fe]" name="beforeClassMethod" is-config="true" duration-ms="0" started-at="2015-06-19T12:56:12Z" finished-at="2015-06-19T12:56:12Z">
          <reporter-output>
          </reporter-output>
        </test-method> <!-- beforeClassMethod -->
        <test-method status="PASS" signature="afterClass()[pri:0, instance:com.techm.testng.TestNgClass@131774fe]" name="afterClass" is-config="true" duration-ms="0" started-at="2015-06-19T12:56:12Z" finished-at="2015-06-19T12:56:12Z">
          <reporter-output>
          </reporter-output>
        </test-method> <!-- afterClass -->
        <test-method status="PASS" signature="beforeMethod()[pri:0, instance:com.techm.testng.TestNgClass@131774fe]" name="beforeMethod" is-config="true" duration-ms="0" started-at="2015-06-19T12:56:12Z" finished-at="2015-06-19T12:56:12Z">
          <reporter-output>
          </reporter-output>
        </test-method> <!-- beforeMethod -->
        <test-method status="PASS" signature="afterMethod()[pri:0, instance:com.techm.testng.TestNgClass@131774fe]" name="afterMethod" is-config="true" duration-ms="0" started-at="2015-06-19T12:56:12Z" finished-at="2015-06-19T12:56:12Z">
          <reporter-output>
          </reporter-output>
        </test-method> <!-- afterMethod -->
        <test-method status="PASS" signature="f()[pri:0, instance:com.techm.testng.TestNgClass@131774fe]" name="f" duration-ms="0" started-at="2015-06-19T12:56:12Z" finished-at="2015-06-19T12:56:12Z">
          <reporter-output>
          </reporter-output>
        </test-method> <!-- f -->
        <test-method status="PASS" signature="afterTest()[pri:0, instance:com.techm.testng.TestNgClass@131774fe]" name="afterTest" is-config="true" duration-ms="0" started-at="2015-06-19T12:56:12Z" finished-at="2015-06-19T12:56:12Z">
          <reporter-output>
          </reporter-output>
        </test-method> <!-- afterTest -->
        <test-method status="PASS" signature="afterSuite()[pri:0, instance:com.techm.testng.TestNgClass@131774fe]" name="afterSuite" is-config="true" duration-ms="0" started-at="2015-06-19T12:56:12Z" finished-at="2015-06-19T12:56:12Z">
          <reporter-output>
          </reporter-output>
        </test-method> <!-- afterSuite -->
      </class> <!-- com.techm.testng.TestNgClass -->
    </test> <!-- Sanity1 -->
  </suite> <!-- TechM Suite1 -->
  <suite name="TechM Suite2" duration-ms="63014" started-at="2015-06-19T17:54:19Z" finished-at="2015-06-19T17:55:22Z">
    <groups>
      <group name="A">
        <method signature="TestNgClassDependsOnMethods.login()[pri:0, instance:com.techm.testng.TestNgClassDependsOnMethods@685cb137]" name="login" class="com.techm.testng.TestNgClassDependsOnMethods"/>
        <method signature="TestNgClassDependsOnMethods.payment()[pri:0, instance:com.techm.testng.TestNgClassDependsOnMethods@685cb137]" name="payment" class="com.techm.testng.TestNgClassDependsOnMethods"/>
        <method signature="TestNgClassDependsOnMethods.pop$$()[pri:0, instance:com.techm.testng.TestNgClassDependsOnMethods@685cb137]" name="pop$$" class="com.techm.testng.TestNgClassDependsOnMethods"/>
      </group> <!-- A -->
      <group name="regression">
        <method signature="TestNGClassPriority.testCaseB()[pri:0, instance:com.techm.testng.TestNGClassPriority@7cd62f43]" name="testCaseB" class="com.techm.testng.TestNGClassPriority"/>
        <method signature="TestNGClassPriority.testCaseD()[pri:0, instance:com.techm.testng.TestNGClassPriority@7cd62f43]" name="testCaseD" class="com.techm.testng.TestNGClassPriority"/>
        <method signature="TestNGClassPriority.testCaseE()[pri:0, instance:com.techm.testng.TestNGClassPriority@7cd62f43]" name="testCaseE" class="com.techm.testng.TestNGClassPriority"/>
      </group> <!-- regression -->
      <group name="Regression">
        <method signature="TestNgGroupsClass.groupsMethod2()[pri:0, instance:com.techm.testng.TestNgGroupsClass@58c1670b]" name="groupsMethod2" class="com.techm.testng.TestNgGroupsClass"/>
        <method signature="TestNgGroupsClass.groupsMethod3()[pri:0, instance:com.techm.testng.TestNgGroupsClass@58c1670b]" name="groupsMethod3" class="com.techm.testng.TestNgGroupsClass"/>
        <method signature="TestNgGroupsClass.groupsMethod4()[pri:0, instance:com.techm.testng.TestNgGroupsClass@58c1670b]" name="groupsMethod4" class="com.techm.testng.TestNgGroupsClass"/>
      </group> <!-- Regression -->
      <group name="sanity">
        <method signature="TestNGClassPriority.testCaseA()[pri:0, instance:com.techm.testng.TestNGClassPriority@7cd62f43]" name="testCaseA" class="com.techm.testng.TestNGClassPriority"/>
        <method signature="TestNGClassPriority.testCaseC()[pri:0, instance:com.techm.testng.TestNGClassPriority@7cd62f43]" name="testCaseC" class="com.techm.testng.TestNGClassPriority"/>
        <method signature="TestNGClassPriority.testCaseF()[pri:0, instance:com.techm.testng.TestNGClassPriority@7cd62f43]" name="testCaseF" class="com.techm.testng.TestNGClassPriority"/>
        <method signature="TestNGClassPriority.testCaseG()[pri:0, instance:com.techm.testng.TestNGClassPriority@7cd62f43]" name="testCaseG" class="com.techm.testng.TestNGClassPriority"/>
        <method signature="TestNgGroupsClass.groupsMethod1()[pri:0, instance:com.techm.testng.TestNgGroupsClass@58c1670b]" name="groupsMethod1" class="com.techm.testng.TestNgGroupsClass"/>
        <method signature="TestNgGroupsClass.groupsMethod5()[pri:0, instance:com.techm.testng.TestNgGroupsClass@58c1670b]" name="groupsMethod5" class="com.techm.testng.TestNgGroupsClass"/>
      </group> <!-- sanity -->
    </groups>
    <test name="Sanity1" duration-ms="63014" started-at="2015-06-19T17:54:19Z" finished-at="2015-06-19T17:55:22Z">
      <class name="com.techm.practise.ImplementingITestListener">
        <test-method status="PASS" signature="bar()[pri:0, instance:com.techm.practise.ImplementingITestListener@6d4b1c02]" name="bar" duration-ms="0" started-at="2015-06-19T12:54:19Z" finished-at="2015-06-19T12:54:19Z">
          <reporter-output>
          </reporter-output>
        </test-method> <!-- bar -->
        <test-method status="PASS" signature="foo()[pri:0, instance:com.techm.practise.ImplementingITestListener@6d4b1c02]" name="foo" duration-ms="0" started-at="2015-06-19T12:54:19Z" finished-at="2015-06-19T12:54:19Z">
          <reporter-output>
          </reporter-output>
        </test-method> <!-- foo -->
        <test-method status="PASS" signature="coke()[pri:0, instance:com.techm.practise.ImplementingITestListener@6d4b1c02]" name="coke" duration-ms="0" started-at="2015-06-19T12:54:19Z" finished-at="2015-06-19T12:54:19Z">
          <reporter-output>
          </reporter-output>
        </test-method> <!-- coke -->
        <test-method status="PASS" signature="wine()[pri:0, instance:com.techm.practise.ImplementingITestListener@6d4b1c02]" name="wine" duration-ms="0" started-at="2015-06-19T12:54:19Z" finished-at="2015-06-19T12:54:19Z">
          <reporter-output>
          </reporter-output>
        </test-method> <!-- wine -->
      </class> <!-- com.techm.practise.ImplementingITestListener -->
      <class name="com.techm.testng.listeners.IInvokedMethodListenerInterfaceImplementation">
        <test-method status="PASS" signature="f()[pri:0, instance:com.techm.testng.listeners.IInvokedMethodListenerInterfaceImplementation@10b48321]" name="f" duration-ms="1" started-at="2015-06-19T12:54:19Z" finished-at="2015-06-19T12:54:19Z">
          <reporter-output>
          </reporter-output>
        </test-method> <!-- f -->
      </class> <!-- com.techm.testng.listeners.IInvokedMethodListenerInterfaceImplementation -->
      <class name="com.techm.testng.listeners.IInvokedMethodListenerClass">
        <test-method status="PASS" signature="testCaseFive()[pri:0, instance:com.techm.testng.listeners.IInvokedMethodListenerClass@6b57696f]" name="testCaseFive" duration-ms="0" started-at="2015-06-19T12:54:19Z" finished-at="2015-06-19T12:54:19Z">
          <reporter-output>
          </reporter-output>
        </test-method> <!-- testCaseFive -->
        <test-method status="PASS" signature="testCaseFour()[pri:0, instance:com.techm.testng.listeners.IInvokedMethodListenerClass@6b57696f]" name="testCaseFour" duration-ms="1" started-at="2015-06-19T12:54:19Z" finished-at="2015-06-19T12:54:19Z">
          <reporter-output>
          </reporter-output>
        </test-method> <!-- testCaseFour -->
        <test-method status="PASS" signature="testCaseThree()[pri:0, instance:com.techm.testng.listeners.IInvokedMethodListenerClass@6b57696f]" name="testCaseThree" duration-ms="0" started-at="2015-06-19T12:54:19Z" finished-at="2015-06-19T12:54:19Z">
          <reporter-output>
          </reporter-output>
        </test-method> <!-- testCaseThree -->
        <test-method status="PASS" signature="testCaseOne()[pri:0, instance:com.techm.testng.listeners.IInvokedMethodListenerClass@6b57696f]" name="testCaseOne" duration-ms="0" started-at="2015-06-19T12:54:19Z" finished-at="2015-06-19T12:54:19Z">
          <reporter-output>
          </reporter-output>
        </test-method> <!-- testCaseOne -->
        <test-method status="PASS" signature="testCaseSix()[pri:0, instance:com.techm.testng.listeners.IInvokedMethodListenerClass@6b57696f]" name="testCaseSix" duration-ms="0" started-at="2015-06-19T12:54:19Z" finished-at="2015-06-19T12:54:19Z">
          <reporter-output>
          </reporter-output>
        </test-method> <!-- testCaseSix -->
        <test-method status="PASS" signature="testCaseTwo()[pri:0, instance:com.techm.testng.listeners.IInvokedMethodListenerClass@6b57696f]" name="testCaseTwo" duration-ms="0" started-at="2015-06-19T12:54:19Z" finished-at="2015-06-19T12:54:19Z">
          <reporter-output>
          </reporter-output>
        </test-method> <!-- testCaseTwo -->
      </class> <!-- com.techm.testng.listeners.IInvokedMethodListenerClass -->
      <class name="com.techm.testng.SampleTest">
        <test-method status="PASS" signature="helloWorld()[pri:0, instance:com.techm.testng.SampleTest@5bb21b69]" name="helloWorld" duration-ms="0" started-at="2015-06-19T12:55:17Z" finished-at="2015-06-19T12:55:17Z">
          <reporter-output>
          </reporter-output>
        </test-method> <!-- helloWorld -->
      </class> <!-- com.techm.testng.SampleTest -->
      <class name="com.techm.testng.TestCaseThree">
        <test-method status="PASS" signature="testMethodThree()[pri:0, instance:com.techm.testng.TestCaseThree@314c508a]" name="testMethodThree" duration-ms="0" started-at="2015-06-19T12:55:22Z" finished-at="2015-06-19T12:55:22Z">
          <reporter-output>
          </reporter-output>
        </test-method> <!-- testMethodThree -->
      </class> <!-- com.techm.testng.TestCaseThree -->
      <class name="com.techm.testng.TestNgGroupsClass">
        <test-method status="PASS" signature="groupsMethod4()[pri:0, instance:com.techm.testng.TestNgGroupsClass@58c1670b]" name="groupsMethod4" duration-ms="1" started-at="2015-06-19T12:55:22Z" finished-at="2015-06-19T12:55:22Z">
          <reporter-output>
          </reporter-output>
        </test-method> <!-- groupsMethod4 -->
        <test-method status="PASS" signature="groupsMethod2()[pri:0, instance:com.techm.testng.TestNgGroupsClass@58c1670b]" name="groupsMethod2" duration-ms="0" started-at="2015-06-19T12:55:22Z" finished-at="2015-06-19T12:55:22Z">
          <reporter-output>
          </reporter-output>
        </test-method> <!-- groupsMethod2 -->
        <test-method status="PASS" signature="groupsMethod1()[pri:0, instance:com.techm.testng.TestNgGroupsClass@58c1670b]" name="groupsMethod1" duration-ms="0" started-at="2015-06-19T12:55:22Z" finished-at="2015-06-19T12:55:22Z">
          <reporter-output>
          </reporter-output>
        </test-method> <!-- groupsMethod1 -->
        <test-method status="PASS" signature="groupsMethod3()[pri:0, instance:com.techm.testng.TestNgGroupsClass@58c1670b]" name="groupsMethod3" duration-ms="0" started-at="2015-06-19T12:55:22Z" finished-at="2015-06-19T12:55:22Z">
          <reporter-output>
          </reporter-output>
        </test-method> <!-- groupsMethod3 -->
        <test-method status="PASS" signature="groupsMethod5()[pri:0, instance:com.techm.testng.TestNgGroupsClass@58c1670b]" name="groupsMethod5" duration-ms="0" started-at="2015-06-19T12:55:22Z" finished-at="2015-06-19T12:55:22Z">
          <reporter-output>
          </reporter-output>
        </test-method> <!-- groupsMethod5 -->
      </class> <!-- com.techm.testng.TestNgGroupsClass -->
      <class name="com.techm.practise.ITestListenerClass">
        <test-method status="PASS" signature="f()[pri:0, instance:com.techm.practise.ITestListenerClass@16267862]" name="f" duration-ms="1" started-at="2015-06-19T12:54:19Z" finished-at="2015-06-19T12:54:19Z">
          <reporter-output>
          </reporter-output>
        </test-method> <!-- f -->
      </class> <!-- com.techm.practise.ITestListenerClass -->
      <class name="com.techm.testng.TestNgClassDependsOnMethods">
        <test-method status="PASS" signature="login()[pri:0, instance:com.techm.testng.TestNgClassDependsOnMethods@685cb137]" name="login" duration-ms="0" started-at="2015-06-19T12:55:22Z" finished-at="2015-06-19T12:55:22Z">
          <reporter-output>
          </reporter-output>
        </test-method> <!-- login -->
        <test-method status="PASS" signature="payment()[pri:0, instance:com.techm.testng.TestNgClassDependsOnMethods@685cb137]" name="payment" duration-ms="1" started-at="2015-06-19T12:55:22Z" finished-at="2015-06-19T12:55:22Z">
          <reporter-output>
          </reporter-output>
        </test-method> <!-- payment -->
        <test-method status="PASS" signature="pop$$()[pri:0, instance:com.techm.testng.TestNgClassDependsOnMethods@685cb137]" name="pop$$" duration-ms="0" started-at="2015-06-19T12:55:22Z" finished-at="2015-06-19T12:55:22Z">
          <reporter-output>
          </reporter-output>
        </test-method> <!-- pop$$ -->
        <test-method status="PASS" signature="logout()[pri:0, instance:com.techm.testng.TestNgClassDependsOnMethods@685cb137]" name="logout" duration-ms="0" started-at="2015-06-19T12:55:22Z" depends-on-methods="com.techm.testng.TestNgClassDependsOnMethods.payment, com.techm.testng.TestNgClassDependsOnMethods.login, com.techm.testng.TestNgClassDependsOnMethods.pop$$" finished-at="2015-06-19T12:55:22Z">
          <reporter-output>
          </reporter-output>
        </test-method> <!-- logout -->
      </class> <!-- com.techm.testng.TestNgClassDependsOnMethods -->
      <class name="com.techm.testng.TestNGClassPriority">
        <test-method status="PASS" signature="testCaseB()[pri:0, instance:com.techm.testng.TestNGClassPriority@7cd62f43]" name="testCaseB" duration-ms="0" started-at="2015-06-19T12:55:22Z" finished-at="2015-06-19T12:55:22Z">
          <reporter-output>
          </reporter-output>
        </test-method> <!-- testCaseB -->
        <test-method status="PASS" signature="testCaseA()[pri:0, instance:com.techm.testng.TestNGClassPriority@7cd62f43]" name="testCaseA" duration-ms="0" started-at="2015-06-19T12:55:22Z" description="A Description about Test Case A" finished-at="2015-06-19T12:55:22Z">
          <reporter-output>
          </reporter-output>
        </test-method> <!-- testCaseA -->
        <test-method status="PASS" signature="testCaseD()[pri:0, instance:com.techm.testng.TestNGClassPriority@7cd62f43]" name="testCaseD" duration-ms="0" started-at="2015-06-19T12:55:22Z" finished-at="2015-06-19T12:55:22Z">
          <reporter-output>
          </reporter-output>
        </test-method> <!-- testCaseD -->
        <test-method status="PASS" signature="testCaseF()[pri:0, instance:com.techm.testng.TestNGClassPriority@7cd62f43]" name="testCaseF" duration-ms="1" started-at="2015-06-19T12:55:22Z" finished-at="2015-06-19T12:55:22Z">
          <reporter-output>
          </reporter-output>
        </test-method> <!-- testCaseF -->
        <test-method status="PASS" signature="testCaseE()[pri:0, instance:com.techm.testng.TestNGClassPriority@7cd62f43]" name="testCaseE" duration-ms="0" started-at="2015-06-19T12:55:22Z" finished-at="2015-06-19T12:55:22Z">
          <reporter-output>
          </reporter-output>
        </test-method> <!-- testCaseE -->
        <test-method status="PASS" signature="testCaseG()[pri:0, instance:com.techm.testng.TestNGClassPriority@7cd62f43]" name="testCaseG" duration-ms="0" started-at="2015-06-19T12:55:22Z" finished-at="2015-06-19T12:55:22Z">
          <reporter-output>
          </reporter-output>
        </test-method> <!-- testCaseG -->
        <test-method status="PASS" signature="testCaseC()[pri:0, instance:com.techm.testng.TestNGClassPriority@7cd62f43]" name="testCaseC" duration-ms="0" depends-on-groups="regression" started-at="2015-06-19T12:55:22Z" finished-at="2015-06-19T12:55:22Z">
          <reporter-output>
          </reporter-output>
        </test-method> <!-- testCaseC -->
      </class> <!-- com.techm.testng.TestNGClassPriority -->
      <class name="com.techm.testng.NewClass">
        <test-method status="PASS" signature="newClass()[pri:0, instance:com.techm.testng.NewClass@6b67034]" name="newClass" duration-ms="0" started-at="2015-06-19T12:54:19Z" finished-at="2015-06-19T12:54:19Z">
          <reporter-output>
          </reporter-output>
        </test-method> <!-- newClass -->
      </class> <!-- com.techm.testng.NewClass -->
      <class name="com.techm.testng.TestCaseOne">
        <test-method status="PASS" signature="testMethodOne()[pri:0, instance:com.techm.testng.TestCaseOne@587d1d39]" name="testMethodOne" duration-ms="5002" started-at="2015-06-19T12:55:17Z" finished-at="2015-06-19T12:55:22Z">
          <reporter-output>
          </reporter-output>
        </test-method> <!-- testMethodOne -->
      </class> <!-- com.techm.testng.TestCaseOne -->
      <class name="com.techm.practise.ITestResultClass">
        <test-method status="FAIL" signature="testCaseA()[pri:0, instance:com.techm.practise.ITestResultClass@6093dd95]" name="testCaseA" duration-ms="0" started-at="2015-06-19T12:54:19Z" finished-at="2015-06-19T12:54:19Z">
          <exception class="java.lang.AssertionError">
            <message>
              <![CDATA[Failing the test case A]]>
            </message>
            <full-stacktrace>
              <![CDATA[java.lang.AssertionError: Failing the test case A
	at org.testng.Assert.fail(Assert.java:94)
	at com.techm.practise.ITestResultClass.testCaseA(Unknown Source)
	at sun.reflect.NativeMethodAccessorImpl.invoke0(Native Method)
	at sun.reflect.NativeMethodAccessorImpl.invoke(Unknown Source)
	at sun.reflect.DelegatingMethodAccessorImpl.invoke(Unknown Source)
	at java.lang.reflect.Method.invoke(Unknown Source)
	at org.testng.internal.MethodInvocationHelper.invokeMethod(MethodInvocationHelper.java:84)
	at org.testng.internal.Invoker.invokeMethod(Invoker.java:714)
	at org.testng.internal.Invoker.invokeTestMethod(Invoker.java:901)
	at org.testng.internal.Invoker.invokeTestMethods(Invoker.java:1231)
	at org.testng.internal.TestMethodWorker.invokeTestMethods(TestMethodWorker.java:127)
	at org.testng.internal.TestMethodWorker.run(TestMethodWorker.java:111)
	at org.testng.TestRunner.privateRun(TestRunner.java:767)
	at org.testng.TestRunner.run(TestRunner.java:617)
	at org.testng.SuiteRunner.runTest(SuiteRunner.java:334)
	at org.testng.SuiteRunner.access$000(SuiteRunner.java:37)
	at org.testng.SuiteRunner$SuiteWorker.run(SuiteRunner.java:368)
	at org.testng.internal.thread.ThreadUtil$2.call(ThreadUtil.java:64)
	at java.util.concurrent.FutureTask.run(Unknown Source)
	at java.util.concurrent.ThreadPoolExecutor.runWorker(Unknown Source)
	at java.util.concurrent.ThreadPoolExecutor$Worker.run(Unknown Source)
	at java.lang.Thread.run(Unknown Source)
]]>
            </full-stacktrace>
          </exception> <!-- java.lang.AssertionError -->
          <reporter-output>
          </reporter-output>
        </test-method> <!-- testCaseA -->
        <test-method status="PASS" signature="resultMethod(org.testng.ITestResult)[pri:0, instance:com.techm.practise.ITestResultClass@6093dd95]" name="resultMethod" is-config="true" duration-ms="1" started-at="2015-06-19T12:54:19Z" finished-at="2015-06-19T12:54:19Z">
          <params>
            <param index="0">
              <value>
                <![CDATA[[TestResult name=testCaseA status=FAILURE method=ITestResultClass.testCaseA()[pri:0, instance:com.techm.practise.ITestResultClass@6093dd95] output={null}]]]>
              </value>
            </param>
          </params>
          <reporter-output>
          </reporter-output>
        </test-method> <!-- resultMethod -->
        <test-method status="PASS" signature="resultMethod(org.testng.ITestResult)[pri:0, instance:com.techm.practise.ITestResultClass@6093dd95]" name="resultMethod" is-config="true" duration-ms="0" started-at="2015-06-19T12:54:19Z" finished-at="2015-06-19T12:54:19Z">
          <params>
            <param index="0">
              <value>
                <![CDATA[[TestResult name=testCaseB status=SUCCESS method=ITestResultClass.testCaseB()[pri:0, instance:com.techm.practise.ITestResultClass@6093dd95] output={null}]]]>
              </value>
            </param>
          </params>
          <reporter-output>
          </reporter-output>
        </test-method> <!-- resultMethod -->
        <test-method status="PASS" signature="testCaseB()[pri:0, instance:com.techm.practise.ITestResultClass@6093dd95]" name="testCaseB" duration-ms="0" started-at="2015-06-19T12:54:19Z" finished-at="2015-06-19T12:54:19Z">
          <reporter-output>
          </reporter-output>
        </test-method> <!-- testCaseB -->
      </class> <!-- com.techm.practise.ITestResultClass -->
      <class name="com.techm.testng.DataProviderClassName">
        <test-method status="PASS" signature="loginTestCase0(java.lang.String, java.lang.String)[pri:0, instance:com.techm.testng.DataProviderClassName@604ed9f0]" name="loginTestCase0" duration-ms="0" started-at="2015-06-19T12:54:19Z" data-provider="dataProviderMethod" finished-at="2015-06-19T12:54:19Z">
          <params>
            <param index="0">
              <value>
                <![CDATA[user1]]>
              </value>
            </param>
            <param index="1">
              <value>
                <![CDATA[pass1]]>
              </value>
            </param>
          </params>
          <reporter-output>
          </reporter-output>
        </test-method> <!-- loginTestCase0 -->
        <test-method status="PASS" signature="loginTestCase0(java.lang.String, java.lang.String)[pri:0, instance:com.techm.testng.DataProviderClassName@604ed9f0]" name="loginTestCase0" duration-ms="0" started-at="2015-06-19T12:54:19Z" data-provider="dataProviderMethod" finished-at="2015-06-19T12:54:19Z">
          <params>
            <param index="0">
              <value>
                <![CDATA[user0]]>
              </value>
            </param>
            <param index="1">
              <value>
                <![CDATA[pass0]]>
              </value>
            </param>
          </params>
          <reporter-output>
          </reporter-output>
        </test-method> <!-- loginTestCase0 -->
        <test-method status="PASS" signature="loginTestCase0(java.lang.String, java.lang.String)[pri:0, instance:com.techm.testng.DataProviderClassName@604ed9f0]" name="loginTestCase0" duration-ms="0" started-at="2015-06-19T12:54:19Z" data-provider="dataProviderMethod" finished-at="2015-06-19T12:54:19Z">
          <params>
            <param index="0">
              <value>
                <![CDATA[user2]]>
              </value>
            </param>
            <param index="1">
              <value>
                <![CDATA[pass2]]>
              </value>
            </param>
          </params>
          <reporter-output>
          </reporter-output>
        </test-method> <!-- loginTestCase0 -->
      </class> <!-- com.techm.testng.DataProviderClassName -->
      <class name="com.techm.testng.TestNGImpClass">
        <test-method status="PASS" signature="foo(java.lang.String, java.lang.String, java.lang.String, java.lang.String, java.lang.String)[pri:0, instance:com.techm.testng.TestNGImpClass@6a41eaa2]" name="foo" duration-ms="0" started-at="2015-06-19T12:55:22Z" data-provider="dataSpecial" finished-at="2015-06-19T12:55:22Z">
          <params>
            <param index="0">
              <value>
                <![CDATA[user11]]>
              </value>
            </param>
            <param index="1">
              <value>
                <![CDATA[pass11]]>
              </value>
            </param>
            <param index="2">
              <value>
                <![CDATA[sq111]]>
              </value>
            </param>
            <param index="3">
              <value>
                <![CDATA[sq211]]>
              </value>
            </param>
            <param index="4">
              <value>
                <![CDATA[sq311]]>
              </value>
            </param>
          </params>
          <reporter-output>
          </reporter-output>
        </test-method> <!-- foo -->
        <test-method status="PASS" signature="foo(java.lang.String, java.lang.String, java.lang.String, java.lang.String, java.lang.String)[pri:0, instance:com.techm.testng.TestNGImpClass@6a41eaa2]" name="foo" duration-ms="0" started-at="2015-06-19T12:55:22Z" data-provider="dataSpecial" finished-at="2015-06-19T12:55:22Z">
          <params>
            <param index="0">
              <value>
                <![CDATA[user22]]>
              </value>
            </param>
            <param index="1">
              <value>
                <![CDATA[pass22]]>
              </value>
            </param>
            <param index="2">
              <value>
                <![CDATA[sq122]]>
              </value>
            </param>
            <param index="3">
              <value>
                <![CDATA[sq222]]>
              </value>
            </param>
            <param index="4">
              <value>
                <![CDATA[sq322]]>
              </value>
            </param>
          </params>
          <reporter-output>
          </reporter-output>
        </test-method> <!-- foo -->
        <test-method status="PASS" signature="foo(java.lang.String, java.lang.String, java.lang.String, java.lang.String, java.lang.String)[pri:0, instance:com.techm.testng.TestNGImpClass@6a41eaa2]" name="foo" duration-ms="0" started-at="2015-06-19T12:55:22Z" data-provider="dataSpecial" finished-at="2015-06-19T12:55:22Z">
          <params>
            <param index="0">
              <value>
                <![CDATA[user00]]>
              </value>
            </param>
            <param index="1">
              <value>
                <![CDATA[pass00]]>
              </value>
            </param>
            <param index="2">
              <value>
                <![CDATA[sq100]]>
              </value>
            </param>
            <param index="3">
              <value>
                <![CDATA[sq200]]>
              </value>
            </param>
            <param index="4">
              <value>
                <![CDATA[sq300]]>
              </value>
            </param>
          </params>
          <reporter-output>
          </reporter-output>
        </test-method> <!-- foo -->
        <test-method status="PASS" signature="foo(java.lang.String, java.lang.String, java.lang.String, java.lang.String, java.lang.String)[pri:0, instance:com.techm.testng.TestNGImpClass@6a41eaa2]" name="foo" duration-ms="0" started-at="2015-06-19T12:55:22Z" data-provider="dataSpecial" finished-at="2015-06-19T12:55:22Z">
          <params>
            <param index="0">
              <value>
                <![CDATA[user33]]>
              </value>
            </param>
            <param index="1">
              <value>
                <![CDATA[pass33]]>
              </value>
            </param>
            <param index="2">
              <value>
                <![CDATA[sq133]]>
              </value>
            </param>
            <param index="3">
              <value>
                <![CDATA[sq233]]>
              </value>
            </param>
            <param index="4">
              <value>
                <![CDATA[sq333]]>
              </value>
            </param>
          </params>
          <reporter-output>
          </reporter-output>
        </test-method> <!-- foo -->
        <test-method status="PASS" signature="foo(java.lang.String, java.lang.String, java.lang.String, java.lang.String, java.lang.String)[pri:0, instance:com.techm.testng.TestNGImpClass@6a41eaa2]" name="foo" duration-ms="1" started-at="2015-06-19T12:55:22Z" data-provider="dataSpecial" finished-at="2015-06-19T12:55:22Z">
          <params>
            <param index="0">
              <value>
                <![CDATA[user44]]>
              </value>
            </param>
            <param index="1">
              <value>
                <![CDATA[pass44]]>
              </value>
            </param>
            <param index="2">
              <value>
                <![CDATA[sq144]]>
              </value>
            </param>
            <param index="3">
              <value>
                <![CDATA[sq244]]>
              </value>
            </param>
            <param index="4">
              <value>
                <![CDATA[sq344]]>
              </value>
            </param>
          </params>
          <reporter-output>
          </reporter-output>
        </test-method> <!-- foo -->
      </class> <!-- com.techm.testng.TestNGImpClass -->
      <class name="com.techm.testng.ParameterClass">
[...]
	at sun.reflect.DelegatingMethodAccessorImpl.invoke(Unknown Source)
	at java.lang.reflect.Method.invoke(Unknown Source)
	at org.testng.internal.MethodInvocationHelper.invokeMethod(MethodInvocationHelper.java:84)
	at org.testng.internal.Invoker.invokeMethod(Invoker.java:714)
	at org.testng.internal.Invoker.invokeTestMethod(Invoker.java:901)
	at org.testng.internal.Invoker.invokeTestMethods(Invoker.java:1231)
	at org.testng.internal.TestMethodWorker.invokeTestMethods(TestMethodWorker.java:127)
	at org.testng.internal.TestMethodWorker.run(TestMethodWorker.java:111)
	at org.testng.TestRunner.privateRun(TestRunner.java:767)
	at org.testng.TestRunner.run(TestRunner.java:617)
	at org.testng.SuiteRunner.runTest(SuiteRunner.java:334)
	at org.testng.SuiteRunner.access$000(SuiteRunner.java:37)
	at org.testng.SuiteRunner$SuiteWorker.run(SuiteRunner.java:368)
	at org.testng.internal.thread.ThreadUtil$2.call(ThreadUtil.java:64)
	at java.util.concurrent.FutureTask.run(Unknown Source)
	at java.util.concurrent.ThreadPoolExecutor.runWorker(Unknown Source)
	at java.util.concurrent.ThreadPoolExecutor$Worker.run(Unknown Source)
	at java.lang.Thread.run(Unknown Source)
]]>
            </full-stacktrace>
          </exception> <!-- java.lang.AssertionError -->
          <reporter-output>
          </reporter-output>
        </test-method> <!-- testCaseA -->
      </class> <!-- com.techm.testng.TestCaseTwo -->
      <class name="com.techm.testng.listeners.ITestResultClass">
        <test-method status="PASS" signature="afterMethodITestResult(org.testng.ITestResult)[pri:0, instance:com.techm.testng.listeners.ITestResultClass@6b9651f3]" name="afterMethodITestResult" is-config="true" duration-ms="0" started-at="2015-06-19T12:54:19Z" finished-at="2015-06-19T12:54:19Z">
          <params>
            <param index="0">
              <value>
                <![CDATA[[TestResult name=bar status=FAILURE method=ITestResultClass.bar()[pri:0, instance:com.techm.testng.listeners.ITestResultClass@6b9651f3] output={null}]]]>
              </value>
            </param>
          </params>
          <reporter-output>
          </reporter-output>
        </test-method> <!-- afterMethodITestResult -->
        <test-method status="FAIL" signature="bar()[pri:0, instance:com.techm.testng.listeners.ITestResultClass@6b9651f3]" name="bar" duration-ms="0" started-at="2015-06-19T12:54:19Z" finished-at="2015-06-19T12:54:19Z">
          <exception class="java.lang.AssertionError">
            <message>
              <![CDATA[Method bar is a failure :( ]]>
            </message>
            <full-stacktrace>
              <![CDATA[java.lang.AssertionError: Method bar is a failure :( 
	at org.testng.Assert.fail(Assert.java:94)
	at com.techm.testng.listeners.ITestResultClass.bar(Unknown Source)
	at sun.reflect.NativeMethodAccessorImpl.invoke0(Native Method)
	at sun.reflect.NativeMethodAccessorImpl.invoke(Unknown Source)
	at sun.reflect.DelegatingMethodAccessorImpl.invoke(Unknown Source)
	at java.lang.reflect.Method.invoke(Unknown Source)
	at org.testng.internal.MethodInvocationHelper.invokeMethod(MethodInvocationHelper.java:84)
	at org.testng.internal.Invoker.invokeMethod(Invoker.java:714)
	at org.testng.internal.Invoker.invokeTestMethod(Invoker.java:901)
	at org.testng.internal.Invoker.invokeTestMethods(Invoker.java:1231)
	at org.testng.internal.TestMethodWorker.invokeTestMethods(TestMethodWorker.java:127)
	at org.testng.internal.TestMethodWorker.run(TestMethodWorker.java:111)
	at org.testng.TestRunner.privateRun(TestRunner.java:767)
	at org.testng.TestRunner.run(TestRunner.java:617)
	at org.testng.SuiteRunner.runTest(SuiteRunner.java:334)
	at org.testng.SuiteRunner.access$000(SuiteRunner.java:37)
	at org.testng.SuiteRunner$SuiteWorker.run(SuiteRunner.java:368)
	at org.testng.internal.thread.ThreadUtil$2.call(ThreadUtil.java:64)
	at java.util.concurrent.FutureTask.run(Unknown Source)
	at java.util.concurrent.ThreadPoolExecutor.runWorker(Unknown Source)
	at java.util.concurrent.ThreadPoolExecutor$Worker.run(Unknown Source)
	at java.lang.Thread.run(Unknown Source)
]]>
            </full-stacktrace>
          </exception> <!-- java.lang.AssertionError -->
          <reporter-output>
          </reporter-output>
        </test-method> <!-- bar -->
        <test-method status="PASS" signature="afterMethodITestResult(org.testng.ITestResult)[pri:0, instance:com.techm.testng.listeners.ITestResultClass@6b9651f3]" name="afterMethodITestResult" is-config="true" duration-ms="0" started-at="2015-06-19T12:54:19Z" finished-at="2015-06-19T12:54:19Z">
          <params>
            <param index="0">
              <value>
                <![CDATA[[TestResult name=coke status=SUCCESS method=ITestResultClass.coke()[pri:0, instance:com.techm.testng.listeners.ITestResultClass@6b9651f3] output={null}]]]>
              </value>
            </param>
          </params>
          <reporter-output>
          </reporter-output>
        </test-method> <!-- afterMethodITestResult -->
        <test-method status="PASS" signature="foo()[pri:0, instance:com.techm.testng.listeners.ITestResultClass@6b9651f3]" name="foo" duration-ms="1" started-at="2015-06-19T12:54:19Z" finished-at="2015-06-19T12:54:19Z">
          <reporter-output>
          </reporter-output>
        </test-method> <!-- foo -->
        <test-method status="PASS" signature="coke()[pri:0, instance:com.techm.testng.listeners.ITestResultClass@6b9651f3]" name="coke" duration-ms="0" started-at="2015-06-19T12:54:19Z" finished-at="2015-06-19T12:54:19Z">
          <reporter-output>
          </reporter-output>
        </test-method> <!-- coke -->
        <test-method status="PASS" signature="orange()[pri:0, instance:com.techm.testng.listeners.ITestResultClass@6b9651f3]" name="orange" duration-ms="0" started-at="2015-06-19T12:54:19Z" finished-at="2015-06-19T12:54:19Z">
          <reporter-output>
          </reporter-output>
        </test-method> <!-- orange -->
        <test-method status="PASS" signature="afterMethodITestResult(org.testng.ITestResult)[pri:0, instance:com.techm.testng.listeners.ITestResultClass@6b9651f3]" name="afterMethodITestResult" is-config="true" duration-ms="66" started-at="2015-06-19T12:54:19Z" finished-at="2015-06-19T12:54:19Z">
          <params>
            <param index="0">
              <value>
                <![CDATA[[TestResult name=orange status=SUCCESS method=ITestResultClass.orange()[pri:0, instance:com.techm.testng.listeners.ITestResultClass@6b9651f3] output={null}]]]>
              </value>
            </param>
          </params>
          <reporter-output>
          </reporter-output>
        </test-method> <!-- afterMethodITestResult -->
        <test-method status="PASS" signature="afterMethodITestResult(org.testng.ITestResult)[pri:0, instance:com.techm.testng.listeners.ITestResultClass@6b9651f3]" name="afterMethodITestResult" is-config="true" duration-ms="0" started-at="2015-06-19T12:54:19Z" finished-at="2015-06-19T12:54:19Z">
          <params>
            <param index="0">
              <value>
                <![CDATA[[TestResult name=foo status=SUCCESS method=ITestResultClass.foo()[pri:0, instance:com.techm.testng.listeners.ITestResultClass@6b9651f3] output={null}]]]>
              </value>
            </param>
          </params>
          <reporter-output>
          </reporter-output>
        </test-method> <!-- afterMethodITestResult -->
        <test-method status="PASS" signature="wine()[pri:0, instance:com.techm.testng.listeners.ITestResultClass@6b9651f3]" name="wine" duration-ms="0" started-at="2015-06-19T12:54:19Z" finished-at="2015-06-19T12:54:19Z">
          <reporter-output>
          </reporter-output>
        </test-method> <!-- wine -->
        <test-method status="PASS" signature="afterMethodITestResult(org.testng.ITestResult)[pri:0, instance:com.techm.testng.listeners.ITestResultClass@6b9651f3]" name="afterMethodITestResult" is-config="true" duration-ms="1" started-at="2015-06-19T12:54:19Z" finished-at="2015-06-19T12:54:19Z">
          <params>
            <param index="0">
              <value>
                <![CDATA[[TestResult name=wine status=SUCCESS method=ITestResultClass.wine()[pri:0, instance:com.techm.testng.listeners.ITestResultClass@6b9651f3] output={null}]]]>
              </value>
            </param>
          </params>
          <reporter-output>
          </reporter-output>
        </test-method> <!-- afterMethodITestResult -->
      </class> <!-- com.techm.testng.listeners.ITestResultClass -->
      <class name="com.techm.testng.SalesForceTest">
        <test-method status="PASS" signature="loginSalesforce()[pri:0, instance:com.techm.testng.SalesForceTest@9a7504c]" name="loginSalesforce" duration-ms="57922" started-at="2015-06-19T12:54:19Z" finished-at="2015-06-19T12:55:17Z">
          <reporter-output>
          </reporter-output>
        </test-method> <!-- loginSalesforce -->
      </class> <!-- com.techm.testng.SalesForceTest -->
      <class name="com.techm.testng.DataProviderClass1">
        <test-method status="PASS" signature="testCaseThree(java.lang.String, java.lang.String, int, java.lang.String, java.lang.String)[pri:0, instance:com.techm.testng.DataProviderClass1@6a4f787b]" name="testCaseThree" duration-ms="0" started-at="2015-06-19T12:54:19Z" data-provider="data1" finished-at="2015-06-19T12:54:19Z">
          <params>
            <param index="0">
              <value>
                <![CDATA[5267432146627760]]>
              </value>
            </param>
            <param index="1">
              <value>
                <![CDATA[FJ76FG56]]>
              </value>
            </param>
            <param index="2">
              <value>
                <![CDATA[1234]]>
              </value>
            </param>
            <param index="3">
              <value>
                <![CDATA[user1]]>
              </value>
            </param>
            <param index="4">
              <value>
                <![CDATA[pass1]]>
              </value>
            </param>
          </params>
          <reporter-output>
          </reporter-output>
        </test-method> <!-- testCaseThree -->
        <test-method status="FAIL" signature="testCaseTwo(java.lang.String, java.lang.String)[pri:0, instance:com.techm.testng.DataProviderClass1@6a4f787b]" name="testCaseTwo" duration-ms="0" started-at="2015-06-19T12:54:19Z" data-provider="data1" finished-at="2015-06-19T12:54:19Z">
          <params>
            <param index="0">
              <value>
                <![CDATA[user0]]>
              </value>
            </param>
            <param index="1">
              <value>
                <![CDATA[pass0]]>
              </value>
            </param>
          </params>
          <exception class="java.lang.AssertionError">
            <message>
              <![CDATA[Failing the testCasetwo Method inside Class: class java.lang.reflect.Method]]>
            </message>
            <full-stacktrace>
              <![CDATA[java.lang.AssertionError: Failing the testCasetwo Method inside Class: class java.lang.reflect.Method
	at org.testng.Assert.fail(Assert.java:94)
	at com.techm.testng.DataProviderClass1.testCaseTwo(Unknown Source)
	at sun.reflect.NativeMethodAccessorImpl.invoke0(Native Method)
	at sun.reflect.NativeMethodAccessorImpl.invoke(Unknown Source)
	at sun.reflect.DelegatingMethodAccessorImpl.invoke(Unknown Source)
	at java.lang.reflect.Method.invoke(Unknown Source)
	at org.testng.internal.MethodInvocationHelper.invokeMethod(MethodInvocationHelper.java:84)
	at org.testng.internal.Invoker.invokeMethod(Invoker.java:714)
	at org.testng.internal.Invoker.invokeTestMethod(Invoker.java:901)
	at org.testng.internal.Invoker.invokeTestMethods(Invoker.java:1231)
	at org.testng.internal.TestMethodWorker.invokeTestMethods(TestMethodWorker.java:127)
	at org.testng.internal.TestMethodWorker.run(TestMethodWorker.java:111)
	at org.testng.TestRunner.privateRun(TestRunner.java:767)
	at org.testng.TestRunner.run(TestRunner.java:617)
	at org.testng.SuiteRunner.runTest(SuiteRunner.java:334)
	at org.testng.SuiteRunner.access$000(SuiteRunner.java:37)
	at org.testng.SuiteRunner$SuiteWorker.run(SuiteRunner.java:368)
	at org.testng.internal.thread.ThreadUtil$2.call(ThreadUtil.java:64)
	at java.util.concurrent.FutureTask.run(Unknown Source)
	at java.util.concurrent.ThreadPoolExecutor.runWorker(Unknown Source)
	at java.util.concurrent.ThreadPoolExecutor$Worker.run(Unknown Source)
	at java.lang.Thread.run(Unknown Source)
]]>
            </full-stacktrace>
          </exception> <!-- java.lang.AssertionError -->
          <reporter-output>
          </reporter-output>
        </test-method> <!-- testCaseTwo -->
        <test-method status="PASS" signature="testCaseThree(java.lang.String, java.lang.String, int, java.lang.String, java.lang.String)[pri:0, instance:com.techm.testng.DataProviderClass1@6a4f787b]" name="testCaseThree" duration-ms="0" started-at="2015-06-19T12:54:19Z" data-provider="data1" finished-at="2015-06-19T12:54:19Z">
          <params>
            <param index="0">
              <value>
                <![CDATA[5267432109875690]]>
              </value>
            </param>
            <param index="1">
              <value>
                <![CDATA[AZ677Y435]]>
              </value>
            </param>
            <param index="2">
              <value>
                <![CDATA[1234]]>
              </value>
            </param>
            <param index="3">
              <value>
                <![CDATA[user0]]>
              </value>
            </param>
            <param index="4">
              <value>
                <![CDATA[pass0]]>
              </value>
            </param>
          </params>
          <reporter-output>
          </reporter-output>
        </test-method> <!-- testCaseThree -->
        <test-method status="FAIL" signature="testCaseTwo(java.lang.String, java.lang.String)[pri:0, instance:com.techm.testng.DataProviderClass1@6a4f787b]" name="testCaseTwo" duration-ms="0" started-at="2015-06-19T12:54:19Z" data-provider="data1" finished-at="2015-06-19T12:54:19Z">
          <params>
            <param index="0">
              <value>
                <![CDATA[user1]]>
              </value>
            </param>
            <param index="1">
              <value>
                <![CDATA[pass1]]>
              </value>
            </param>
          </params>
          <exception class="java.lang.AssertionError">
            <message>
              <![CDATA[Failing the testCasetwo Method inside Class: class java.lang.reflect.Method]]>
            </message>
            <full-stacktrace>
              <![CDATA[java.lang.AssertionError: Failing the testCasetwo Method inside Class: class java.lang.reflect.Method
	at org.testng.Assert.fail(Assert.java:94)
	at com.techm.testng.DataProviderClass1.testCaseTwo(Unknown Source)
	at sun.reflect.NativeMethodAccessorImpl.invoke0(Native Method)
	at sun.reflect.NativeMethodAccessorImpl.invoke(Unknown Source)
	at sun.reflect.DelegatingMethodAccessorImpl.invoke(Unknown Source)
	at java.lang.reflect.Method.invoke(Unknown Source)
	at org.testng.internal.MethodInvocationHelper.invokeMethod(MethodInvocationHelper.java:84)
	at org.testng.internal.Invoker.invokeMethod(Invoker.java:714)
	at org.testng.internal.Invoker.invokeTestMethod(Invoker.java:901)
	at org.testng.internal.Invoker.invokeTestMethods(Invoker.java:1231)
	at org.testng.internal.TestMethodWorker.invokeTestMethods(TestMethodWorker.java:127)
	at org.testng.internal.TestMethodWorker.run(TestMethodWorker.java:111)
	at org.testng.TestRunner.privateRun(TestRunner.java:767)
	at org.testng.TestRunner.run(TestRunner.java:617)
	at org.testng.SuiteRunner.runTest(SuiteRunner.java:334)
	at org.testng.SuiteRunner.access$000(SuiteRunner.java:37)
	at org.testng.SuiteRunner$SuiteWorker.run(SuiteRunner.java:368)
	at org.testng.internal.thread.ThreadUtil$2.call(ThreadUtil.java:64)
	at java.util.concurrent.FutureTask.run(Unknown Source)
	at java.util.concurrent.ThreadPoolExecutor.runWorker(Unknown Source)
	at java.util.concurrent.ThreadPoolExecutor$Worker.run(Unknown Source)
	at java.lang.Thread.run(Unknown Source)
]]>
            </full-stacktrace>
          </exception> <!-- java.lang.AssertionError -->
          <reporter-output>
          </reporter-output>
        </test-method> <!-- testCaseTwo -->
      </class> <!-- com.techm.testng.DataProviderClass1 -->
      <class name="com.techm.testng.TestNgClass">
        <test-method status="PASS" signature="beforeSuite()[pri:0, instance:com.techm.testng.TestNgClass@2c039ac6]" name="beforeSuite" is-config="true" duration-ms="6" started-at="2015-06-19T12:54:19Z" finished-at="2015-06-19T12:54:19Z">
          <reporter-output>
          </reporter-output>
        </test-method> <!-- beforeSuite -->
        <test-method status="PASS" signature="beforeTest()[pri:0, instance:com.techm.testng.TestNgClass@2c039ac6]" name="beforeTest" is-config="true" duration-ms="1" started-at="2015-06-19T12:54:19Z" finished-at="2015-06-19T12:54:19Z">
          <reporter-output>
          </reporter-output>
        </test-method> <!-- beforeTest -->
        <test-method status="PASS" signature="beforeClassMethod()[pri:0, instance:com.techm.testng.TestNgClass@2c039ac6]" name="beforeClassMethod" is-config="true" duration-ms="0" started-at="2015-06-19T12:55:22Z" finished-at="2015-06-19T12:55:22Z">
          <reporter-output>
          </reporter-output>
        </test-method> <!-- beforeClassMethod -->
        <test-method status="PASS" signature="beforeMethod()[pri:0, instance:com.techm.testng.TestNgClass@2c039ac6]" name="beforeMethod" is-config="true" duration-ms="0" started-at="2015-06-19T12:55:22Z" finished-at="2015-06-19T12:55:22Z">
          <reporter-output>
          </reporter-output>
        </test-method> <!-- beforeMethod -->
        <test-method status="PASS" signature="afterClass()[pri:0, instance:com.techm.testng.TestNgClass@2c039ac6]" name="afterClass" is-config="true" duration-ms="0" started-at="2015-06-19T12:55:22Z" finished-at="2015-06-19T12:55:22Z">
          <reporter-output>
          </reporter-output>
        </test-method> <!-- afterClass -->
        <test-method status="PASS" signature="f()[pri:0, instance:com.techm.testng.TestNgClass@2c039ac6]" name="f" duration-ms="0" started-at="2015-06-19T12:55:22Z" finished-at="2015-06-19T12:55:22Z">
          <reporter-output>
          </reporter-output>
        </test-method> <!-- f -->
        <test-method status="PASS" signature="afterMethod()[pri:0, instance:com.techm.testng.TestNgClass@2c039ac6]" name="afterMethod" is-config="true" duration-ms="0" started-at="2015-06-19T12:55:22Z" finished-at="2015-06-19T12:55:22Z">
          <reporter-output>
          </reporter-output>
        </test-method> <!-- afterMethod -->
        <test-method status="PASS" signature="afterTest()[pri:0, instance:com.techm.testng.TestNgClass@2c039ac6]" name="afterTest" is-config="true" duration-ms="0" started-at="2015-06-19T12:55:22Z" finished-at="2015-06-19T12:55:22Z">
          <reporter-output>
          </reporter-output>
        </test-method> <!-- afterTest -->
        <test-method status="PASS" signature="afterSuite()[pri:0, instance:com.techm.testng.TestNgClass@2c039ac6]" name="afterSuite" is-config="true" duration-ms="1" started-at="2015-06-19T12:55:22Z" finished-at="2015-06-19T12:55:22Z">
          <reporter-output>
          </reporter-output>
        </test-method> <!-- afterSuite -->
      </class> <!-- com.techm.testng.TestNgClass -->
    </test> <!-- Sanity1 -->
  </suite> <!-- TechM Suite2 -->
</testng-results>
